2025-09-30 09:37:35,267 [DEBUG] Could not import boto3, continuing with reduced functionality.
2025-09-30 09:37:35,268 [DEBUG] GDAL data found in package: path='/home/bav/miniforge3/lib/python3.12/site-packages/rasterio/gdal_data'.
2025-09-30 09:37:35,268 [DEBUG] PROJ data found in package: path='/home/bav/miniforge3/lib/python3.12/site-packages/rasterio/proj_data'.
2025-09-30 09:37:35,430 [INFO] joining UPE_U
2025-09-30 09:37:35,588 [WARNING] Error: fatal: not a git repository (or any of the parent directories): .git

2025-09-30 09:37:36,153 [INFO] Resampling to 60min
2025-09-30 09:37:36,371 [INFO] Writing to files...
2025-09-30 09:37:42,009 [INFO] Written to L3_test/sites/UPE_U/UPE_U_hour.csv
2025-09-30 09:37:42,010 [INFO] Written to L3_test/sites/UPE_U/UPE_U_hour.nc
2025-09-30 09:37:42,098 [INFO] Resampling to 1D
2025-09-30 09:37:42,170 [INFO] Writing to files...
2025-09-30 09:37:42,432 [INFO] Written to L3_test/sites/UPE_U/UPE_U_day.csv
2025-09-30 09:37:42,432 [INFO] Written to L3_test/sites/UPE_U/UPE_U_day.nc
2025-09-30 09:37:42,526 [INFO] Resampling to MS
2025-09-30 09:37:42,594 [INFO] Writing to files...
2025-09-30 09:37:42,670 [INFO] Written to L3_test/sites/UPE_U/UPE_U_month.csv
2025-09-30 09:37:42,670 [INFO] Written to L3_test/sites/UPE_U/UPE_U_month.nc
/n ======== test join_l3 ========= 

UPE_U
UPE_U array loaded from L3_test/stations/UPE_U/UPE_U_hour.nc
