2025-09-30 09:36:54,833 [DEBUG] Could not import boto3, continuing with reduced functionality.
2025-09-30 09:36:54,834 [DEBUG] GDAL data found in package: path='/home/bav/miniforge3/lib/python3.12/site-packages/rasterio/gdal_data'.
2025-09-30 09:36:54,834 [DEBUG] PROJ data found in package: path='/home/bav/miniforge3/lib/python3.12/site-packages/rasterio/proj_data'.
2025-09-30 09:36:54,985 [INFO] joining ORO
2025-09-30 09:36:55,147 [WARNING] Error: fatal: not a git repository (or any of the parent directories): .git

2025-09-30 09:36:55,227 [INFO] Resampling to 60min
2025-09-30 09:36:55,318 [INFO] Writing to files...
2025-09-30 09:36:55,779 [INFO] Written to L3_test/sites/ORO/ORO_hour.csv
2025-09-30 09:36:55,779 [INFO] Written to L3_test/sites/ORO/ORO_hour.nc
2025-09-30 09:36:55,808 [INFO] Resampling to 1D
2025-09-30 09:36:55,867 [INFO] Writing to files...
2025-09-30 09:36:55,946 [INFO] Written to L3_test/sites/ORO/ORO_day.csv
2025-09-30 09:36:55,946 [INFO] Written to L3_test/sites/ORO/ORO_day.nc
2025-09-30 09:36:55,977 [INFO] Resampling to MS
2025-09-30 09:36:56,053 [INFO] Writing to files...
2025-09-30 09:36:56,140 [INFO] Written to L3_test/sites/ORO/ORO_month.csv
2025-09-30 09:36:56,140 [INFO] Written to L3_test/sites/ORO/ORO_month.nc
/n ======== test join_l3 ========= 

ORO
ORO array loaded from L3_test/stations/ORO/ORO_hour.nc
