2025-09-30 09:36:10,593 [DEBUG] Could not import boto3, continuing with reduced functionality.
2025-09-30 09:36:10,594 [DEBUG] GDAL data found in package: path='/home/bav/miniforge3/lib/python3.12/site-packages/rasterio/gdal_data'.
2025-09-30 09:36:10,594 [DEBUG] PROJ data found in package: path='/home/bav/miniforge3/lib/python3.12/site-packages/rasterio/proj_data'.
2025-09-30 09:36:10,859 [INFO] joining EGP EastGRIP
2025-09-30 09:36:11,225 [WARNING] Error: fatal: not a git repository (or any of the parent directories): .git

2025-09-30 09:36:11,677 [INFO] Resampling to 60min
2025-09-30 09:36:11,886 [INFO] Writing to files...
2025-09-30 09:36:17,031 [INFO] Written to L3_test/sites/EGP/EGP_hour.csv
2025-09-30 09:36:17,031 [INFO] Written to L3_test/sites/EGP/EGP_hour.nc
2025-09-30 09:36:17,149 [INFO] Resampling to 1D
2025-09-30 09:36:17,256 [INFO] Writing to files...
2025-09-30 09:36:17,538 [INFO] Written to L3_test/sites/EGP/EGP_day.csv
2025-09-30 09:36:17,539 [INFO] Written to L3_test/sites/EGP/EGP_day.nc
2025-09-30 09:36:17,665 [INFO] Resampling to MS
2025-09-30 09:36:17,766 [INFO] Writing to files...
2025-09-30 09:36:17,901 [INFO] Written to L3_test/sites/EGP/EGP_month.csv
2025-09-30 09:36:17,901 [INFO] Written to L3_test/sites/EGP/EGP_month.nc
/n ======== test join_l3 ========= 

EGP
EastGRIP array loaded from ../GC-Net-Level-1-data-processing/L1/hourly/EastGRIP.csv
EGP array loaded from L3_test/stations/EGP/EGP_hour.nc
