2025-09-30 09:37:34,882 [DEBUG] Could not import boto3, continuing with reduced functionality.
2025-09-30 09:37:34,884 [DEBUG] GDAL data found in package: path='/home/bav/miniforge3/lib/python3.12/site-packages/rasterio/gdal_data'.
2025-09-30 09:37:34,884 [DEBUG] PROJ data found in package: path='/home/bav/miniforge3/lib/python3.12/site-packages/rasterio/proj_data'.
2025-09-30 09:37:35,134 [INFO] joining THU_L
2025-09-30 09:37:35,310 [WARNING] Error: fatal: not a git repository (or any of the parent directories): .git

2025-09-30 09:37:35,829 [INFO] Resampling to 60min
2025-09-30 09:37:36,027 [INFO] Writing to files...
2025-09-30 09:37:41,928 [INFO] Written to L3_test/sites/THU_L/THU_L_hour.csv
2025-09-30 09:37:41,929 [INFO] Written to L3_test/sites/THU_L/THU_L_hour.nc
2025-09-30 09:37:42,027 [INFO] Resampling to 1D
2025-09-30 09:37:42,102 [INFO] Writing to files...
2025-09-30 09:37:42,367 [INFO] Written to L3_test/sites/THU_L/THU_L_day.csv
2025-09-30 09:37:42,367 [INFO] Written to L3_test/sites/THU_L/THU_L_day.nc
2025-09-30 09:37:42,451 [INFO] Resampling to MS
2025-09-30 09:37:42,521 [INFO] Writing to files...
2025-09-30 09:37:42,604 [INFO] Written to L3_test/sites/THU_L/THU_L_month.csv
2025-09-30 09:37:42,604 [INFO] Written to L3_test/sites/THU_L/THU_L_month.nc
/n ======== test join_l3 ========= 

THU_L
THU_L array loaded from L3_test/stations/THU_L/THU_L_hour.nc
