 ======== test join_l3 ========= 

ZAC_L
ZAC_Lv3 array loaded from L3_test/stations/ZAC_Lv3/ZAC_Lv3_hour.nc
2025-11-14 10:01:29,166; ERROR; pypromice.pipeline.join_l3; 
***
ZAC_L listed as a station but not found in L3_test/stations/, ../GC-Net-Level-1-data-processing/L1/hourly nor undefined_folder_glaciobasis
***
2025-11-14 10:01:29,168; INFO; pypromice.pipeline.join_l3; joining ZAC_Lv3
2025-11-14 10:01:29,299; WARNING; pypromice.io.ingest.git; Error: fatal: not a git repository (or any of the parent directories): .git

2025-11-14 10:01:29,581; INFO; pypromice.io.write; Resampling to 60min
2025-11-14 10:01:29,736; INFO; pypromice.io.write; Writing to files...
2025-11-14 10:01:31,165; INFO; pypromice.io.write; Written to L3_test/sites/ZAC_L/ZAC_L_hour.csv
2025-11-14 10:01:31,165; INFO; pypromice.io.write; Written to L3_test/sites/ZAC_L/ZAC_L_hour.nc
2025-11-14 10:01:31,226; INFO; pypromice.io.write; Resampling to 1D
2025-11-14 10:01:31,302; INFO; pypromice.io.write; Writing to files...
2025-11-14 10:01:31,420; INFO; pypromice.io.write; Written to L3_test/sites/ZAC_L/ZAC_L_day.csv
2025-11-14 10:01:31,420; INFO; pypromice.io.write; Written to L3_test/sites/ZAC_L/ZAC_L_day.nc
2025-11-14 10:01:31,487; INFO; pypromice.io.write; Resampling to MS
2025-11-14 10:01:31,574; INFO; pypromice.io.write; Writing to files...
2025-11-14 10:01:31,643; INFO; pypromice.io.write; Written to L3_test/sites/ZAC_L/ZAC_L_month.csv
2025-11-14 10:01:31,643; INFO; pypromice.io.write; Written to L3_test/sites/ZAC_L/ZAC_L_month.nc
