2025-09-30 09:36:54,833 [DEBUG] Could not import boto3, continuing with reduced functionality.
2025-09-30 09:36:54,834 [DEBUG] GDAL data found in package: path='/home/bav/miniforge3/lib/python3.12/site-packages/rasterio/gdal_data'.
2025-09-30 09:36:54,834 [DEBUG] PROJ data found in package: path='/home/bav/miniforge3/lib/python3.12/site-packages/rasterio/proj_data'.
2025-09-30 09:36:55,239 [INFO] joining NUK_Uv3 NUK_U
2025-09-30 09:36:55,518 [WARNING] Error: fatal: not a git repository (or any of the parent directories): .git

2025-09-30 09:36:56,110 [INFO] Resampling to 60min
2025-09-30 09:36:56,411 [INFO] Writing to files...
2025-09-30 09:37:02,117 [INFO] Written to L3_test/sites/NUK_U/NUK_U_hour.csv
2025-09-30 09:37:02,117 [INFO] Written to L3_test/sites/NUK_U/NUK_U_hour.nc
2025-09-30 09:37:02,261 [INFO] Resampling to 1D
2025-09-30 09:37:02,351 [INFO] Writing to files...
2025-09-30 09:37:02,682 [INFO] Written to L3_test/sites/NUK_U/NUK_U_day.csv
2025-09-30 09:37:02,682 [INFO] Written to L3_test/sites/NUK_U/NUK_U_day.nc
2025-09-30 09:37:02,862 [INFO] Resampling to MS
2025-09-30 09:37:02,956 [INFO] Writing to files...
2025-09-30 09:37:03,040 [INFO] Written to L3_test/sites/NUK_U/NUK_U_month.csv
2025-09-30 09:37:03,040 [INFO] Written to L3_test/sites/NUK_U/NUK_U_month.nc
/n ======== test join_l3 ========= 

NUK_U
NUK_U array loaded from L3_test/stations/NUK_U/NUK_U_hour.nc
NUK_Uv3 array loaded from L3_test/stations/NUK_Uv3/NUK_Uv3_hour.nc
