2025-09-30 09:36:39,263 [DEBUG] Could not import boto3, continuing with reduced functionality.
2025-09-30 09:36:39,264 [DEBUG] GDAL data found in package: path='/home/bav/miniforge3/lib/python3.12/site-packages/rasterio/gdal_data'.
2025-09-30 09:36:39,264 [DEBUG] PROJ data found in package: path='/home/bav/miniforge3/lib/python3.12/site-packages/rasterio/proj_data'.
2025-09-30 09:36:39,576 [INFO] joining MIT
2025-09-30 09:36:39,729 [WARNING] Error: fatal: not a git repository (or any of the parent directories): .git

2025-09-30 09:36:40,261 [INFO] Resampling to 60min
2025-09-30 09:36:40,538 [INFO] Writing to files...
2025-09-30 09:36:45,641 [INFO] Written to L3_test/sites/MIT/MIT_hour.csv
2025-09-30 09:36:45,641 [INFO] Written to L3_test/sites/MIT/MIT_hour.nc
2025-09-30 09:36:45,738 [INFO] Resampling to 1D
2025-09-30 09:36:45,812 [INFO] Writing to files...
2025-09-30 09:36:46,076 [INFO] Written to L3_test/sites/MIT/MIT_day.csv
2025-09-30 09:36:46,077 [INFO] Written to L3_test/sites/MIT/MIT_day.nc
2025-09-30 09:36:46,172 [INFO] Resampling to MS
2025-09-30 09:36:46,240 [INFO] Writing to files...
2025-09-30 09:36:46,324 [INFO] Written to L3_test/sites/MIT/MIT_month.csv
2025-09-30 09:36:46,324 [INFO] Written to L3_test/sites/MIT/MIT_month.nc
/n ======== test join_l3 ========= 

MIT
MIT array loaded from L3_test/stations/MIT/MIT_hour.nc
