 ======== test join_l3 ========= 

ZAC_U
ZAC_Uv3 array loaded from L3_test/stations/ZAC_Uv3/ZAC_Uv3_hour.nc
2025-11-14 10:01:29,216; ERROR; pypromice.pipeline.join_l3; 
***
ZAC_U listed as a station but not found in L3_test/stations/, ../GC-Net-Level-1-data-processing/L1/hourly nor undefined_folder_glaciobasis
***
2025-11-14 10:01:29,219; INFO; pypromice.pipeline.join_l3; joining ZAC_Uv3
2025-11-14 10:01:29,380; WARNING; pypromice.io.ingest.git; Error: fatal: not a git repository (or any of the parent directories): .git

2025-11-14 10:01:29,701; INFO; pypromice.io.write; Resampling to 60min
2025-11-14 10:01:29,838; INFO; pypromice.io.write; Writing to files...
2025-11-14 10:01:31,055; INFO; pypromice.io.write; Written to L3_test/sites/ZAC_U/ZAC_U_hour.csv
2025-11-14 10:01:31,055; INFO; pypromice.io.write; Written to L3_test/sites/ZAC_U/ZAC_U_hour.nc
2025-11-14 10:01:31,128; INFO; pypromice.io.write; Resampling to 1D
2025-11-14 10:01:31,205; INFO; pypromice.io.write; Writing to files...
2025-11-14 10:01:31,303; INFO; pypromice.io.write; Written to L3_test/sites/ZAC_U/ZAC_U_day.csv
2025-11-14 10:01:31,303; INFO; pypromice.io.write; Written to L3_test/sites/ZAC_U/ZAC_U_day.nc
2025-11-14 10:01:31,359; INFO; pypromice.io.write; Resampling to MS
2025-11-14 10:01:31,431; INFO; pypromice.io.write; Writing to files...
2025-11-14 10:01:31,489; INFO; pypromice.io.write; Written to L3_test/sites/ZAC_U/ZAC_U_month.csv
2025-11-14 10:01:31,489; INFO; pypromice.io.write; Written to L3_test/sites/ZAC_U/ZAC_U_month.nc
