2025-09-30 09:37:17,463 [DEBUG] Could not import boto3, continuing with reduced functionality.
2025-09-30 09:37:17,468 [DEBUG] GDAL data found in package: path='/home/bav/miniforge3/lib/python3.12/site-packages/rasterio/gdal_data'.
2025-09-30 09:37:17,468 [DEBUG] PROJ data found in package: path='/home/bav/miniforge3/lib/python3.12/site-packages/rasterio/proj_data'.
2025-09-30 09:37:17,621 [INFO] joining SDL Saddle
2025-09-30 09:37:18,128 [WARNING] Error: fatal: not a git repository (or any of the parent directories): .git

2025-09-30 09:37:19,073 [INFO] Resampling to 60min
2025-09-30 09:37:19,479 [INFO] Writing to files...
2025-09-30 09:37:28,089 [INFO] Written to L3_test/sites/SDL/SDL_hour.csv
2025-09-30 09:37:28,089 [INFO] Written to L3_test/sites/SDL/SDL_hour.nc
2025-09-30 09:37:28,288 [INFO] Resampling to 1D
2025-09-30 09:37:28,393 [INFO] Writing to files...
2025-09-30 09:37:28,818 [INFO] Written to L3_test/sites/SDL/SDL_day.csv
2025-09-30 09:37:28,819 [INFO] Written to L3_test/sites/SDL/SDL_day.nc
2025-09-30 09:37:29,034 [INFO] Resampling to MS
2025-09-30 09:37:29,137 [INFO] Writing to files...
2025-09-30 09:37:29,253 [INFO] Written to L3_test/sites/SDL/SDL_month.csv
2025-09-30 09:37:29,253 [INFO] Written to L3_test/sites/SDL/SDL_month.nc
/n ======== test join_l3 ========= 

SDL
Saddle array loaded from ../GC-Net-Level-1-data-processing/L1/hourly/Saddle.csv
SDL array loaded from L3_test/stations/SDL/SDL_hour.nc
