2025-09-30 09:37:05,998 [DEBUG] Could not import boto3, continuing with reduced functionality.
2025-09-30 09:37:05,999 [DEBUG] GDAL data found in package: path='/home/bav/miniforge3/lib/python3.12/site-packages/rasterio/gdal_data'.
2025-09-30 09:37:05,999 [DEBUG] PROJ data found in package: path='/home/bav/miniforge3/lib/python3.12/site-packages/rasterio/proj_data'.
2025-09-30 09:37:06,263 [INFO] joining RED_Lv3
2025-09-30 09:37:06,521 [WARNING] Error: fatal: not a git repository (or any of the parent directories): .git

2025-09-30 09:37:06,725 [INFO] Resampling to 60min
2025-09-30 09:37:06,874 [INFO] Writing to files...
2025-09-30 09:37:07,726 [INFO] Written to L3_test/sites/RED_L/RED_L_hour.csv
2025-09-30 09:37:07,726 [INFO] Written to L3_test/sites/RED_L/RED_L_hour.nc
2025-09-30 09:37:07,764 [INFO] Resampling to 1D
2025-09-30 09:37:07,846 [INFO] Writing to files...
2025-09-30 09:37:07,973 [INFO] Written to L3_test/sites/RED_L/RED_L_day.csv
2025-09-30 09:37:07,973 [INFO] Written to L3_test/sites/RED_L/RED_L_day.nc
2025-09-30 09:37:08,015 [INFO] Resampling to MS
2025-09-30 09:37:08,126 [INFO] Writing to files...
2025-09-30 09:37:08,212 [INFO] Written to L3_test/sites/RED_L/RED_L_month.csv
2025-09-30 09:37:08,213 [INFO] Written to L3_test/sites/RED_L/RED_L_month.nc
/n ======== test join_l3 ========= 

RED_L
RED_Lv3 array loaded from L3_test/stations/RED_Lv3/RED_Lv3_hour.nc
