2025-09-30 09:37:15,964 [DEBUG] Could not import boto3, continuing with reduced functionality.
2025-09-30 09:37:15,965 [DEBUG] GDAL data found in package: path='/home/bav/miniforge3/lib/python3.12/site-packages/rasterio/gdal_data'.
2025-09-30 09:37:15,965 [DEBUG] PROJ data found in package: path='/home/bav/miniforge3/lib/python3.12/site-packages/rasterio/proj_data'.
2025-09-30 09:37:16,146 [INFO] joining TAS_U
2025-09-30 09:37:16,332 [WARNING] Error: fatal: not a git repository (or any of the parent directories): .git

2025-09-30 09:37:16,712 [INFO] Resampling to 60min
2025-09-30 09:37:16,931 [INFO] Writing to files...
2025-09-30 09:37:19,863 [INFO] Written to L3_test/sites/TAS_U/TAS_U_hour.csv
2025-09-30 09:37:19,863 [INFO] Written to L3_test/sites/TAS_U/TAS_U_hour.nc
2025-09-30 09:37:19,934 [INFO] Resampling to 1D
2025-09-30 09:37:20,006 [INFO] Writing to files...
2025-09-30 09:37:20,196 [INFO] Written to L3_test/sites/TAS_U/TAS_U_day.csv
2025-09-30 09:37:20,196 [INFO] Written to L3_test/sites/TAS_U/TAS_U_day.nc
2025-09-30 09:37:20,252 [INFO] Resampling to MS
2025-09-30 09:37:20,321 [INFO] Writing to files...
2025-09-30 09:37:20,419 [INFO] Written to L3_test/sites/TAS_U/TAS_U_month.csv
2025-09-30 09:37:20,419 [INFO] Written to L3_test/sites/TAS_U/TAS_U_month.nc
/n ======== test join_l3 ========= 

TAS_U
TAS_U array loaded from L3_test/stations/TAS_U/TAS_U_hour.nc
