2025-09-30 09:36:40,536 [DEBUG] Could not import boto3, continuing with reduced functionality.
2025-09-30 09:36:40,537 [DEBUG] GDAL data found in package: path='/home/bav/miniforge3/lib/python3.12/site-packages/rasterio/gdal_data'.
2025-09-30 09:36:40,537 [DEBUG] PROJ data found in package: path='/home/bav/miniforge3/lib/python3.12/site-packages/rasterio/proj_data'.
2025-09-30 09:36:40,797 [INFO] joining NSE NASA-SE
2025-09-30 09:36:41,313 [WARNING] Error: fatal: not a git repository (or any of the parent directories): .git

2025-09-30 09:36:42,318 [INFO] Resampling to 60min
2025-09-30 09:36:42,686 [INFO] Writing to files...
2025-09-30 09:36:50,933 [INFO] Written to L3_test/sites/NSE/NSE_hour.csv
2025-09-30 09:36:50,933 [INFO] Written to L3_test/sites/NSE/NSE_hour.nc
2025-09-30 09:36:51,139 [INFO] Resampling to 1D
2025-09-30 09:36:51,243 [INFO] Writing to files...
2025-09-30 09:36:51,657 [INFO] Written to L3_test/sites/NSE/NSE_day.csv
2025-09-30 09:36:51,657 [INFO] Written to L3_test/sites/NSE/NSE_day.nc
2025-09-30 09:36:51,868 [INFO] Resampling to MS
2025-09-30 09:36:51,967 [INFO] Writing to files...
2025-09-30 09:36:52,053 [INFO] Written to L3_test/sites/NSE/NSE_month.csv
2025-09-30 09:36:52,054 [INFO] Written to L3_test/sites/NSE/NSE_month.nc
/n ======== test join_l3 ========= 

NSE
NASA-SE array loaded from ../GC-Net-Level-1-data-processing/L1/hourly/NASA-SE.csv
NSE array loaded from L3_test/stations/NSE/NSE_hour.nc
