2025-09-30 09:36:26,445 [DEBUG] Could not import boto3, continuing with reduced functionality.
2025-09-30 09:36:26,446 [DEBUG] GDAL data found in package: path='/home/bav/miniforge3/lib/python3.12/site-packages/rasterio/gdal_data'.
2025-09-30 09:36:26,446 [DEBUG] PROJ data found in package: path='/home/bav/miniforge3/lib/python3.12/site-packages/rasterio/proj_data'.
2025-09-30 09:36:26,748 [INFO] joining KAN_M
2025-09-30 09:36:26,902 [WARNING] Error: fatal: not a git repository (or any of the parent directories): .git

2025-09-30 09:36:27,450 [INFO] Resampling to 60min
2025-09-30 09:36:27,690 [INFO] Writing to files...
2025-09-30 09:36:34,099 [INFO] Written to L3_test/sites/KAN_M/KAN_M_hour.csv
2025-09-30 09:36:34,099 [INFO] Written to L3_test/sites/KAN_M/KAN_M_hour.nc
2025-09-30 09:36:34,186 [INFO] Resampling to 1D
2025-09-30 09:36:34,260 [INFO] Writing to files...
2025-09-30 09:36:34,530 [INFO] Written to L3_test/sites/KAN_M/KAN_M_day.csv
2025-09-30 09:36:34,531 [INFO] Written to L3_test/sites/KAN_M/KAN_M_day.nc
2025-09-30 09:36:34,620 [INFO] Resampling to MS
2025-09-30 09:36:34,688 [INFO] Writing to files...
2025-09-30 09:36:34,751 [INFO] Written to L3_test/sites/KAN_M/KAN_M_month.csv
2025-09-30 09:36:34,751 [INFO] Written to L3_test/sites/KAN_M/KAN_M_month.nc
/n ======== test join_l3 ========= 

KAN_M
KAN_M array loaded from L3_test/stations/KAN_M/KAN_M_hour.nc
