2025-09-30 09:36:39,426 [DEBUG] Could not import boto3, continuing with reduced functionality.
2025-09-30 09:36:39,427 [DEBUG] GDAL data found in package: path='/home/bav/miniforge3/lib/python3.12/site-packages/rasterio/gdal_data'.
2025-09-30 09:36:39,427 [DEBUG] PROJ data found in package: path='/home/bav/miniforge3/lib/python3.12/site-packages/rasterio/proj_data'.
2025-09-30 09:36:39,627 [INFO] joining LYN_T
2025-09-30 09:36:39,792 [WARNING] Error: fatal: not a git repository (or any of the parent directories): .git

2025-09-30 09:36:39,984 [INFO] Resampling to 60min
2025-09-30 09:36:40,120 [INFO] Writing to files...
2025-09-30 09:36:41,091 [INFO] Written to L3_test/sites/LYN_T/LYN_T_hour.csv
2025-09-30 09:36:41,091 [INFO] Written to L3_test/sites/LYN_T/LYN_T_hour.nc
2025-09-30 09:36:41,133 [INFO] Resampling to 1D
2025-09-30 09:36:41,212 [INFO] Writing to files...
2025-09-30 09:36:41,350 [INFO] Written to L3_test/sites/LYN_T/LYN_T_day.csv
2025-09-30 09:36:41,350 [INFO] Written to L3_test/sites/LYN_T/LYN_T_day.nc
2025-09-30 09:36:41,389 [INFO] Resampling to MS
2025-09-30 09:36:41,469 [INFO] Writing to files...
2025-09-30 09:36:41,572 [INFO] Written to L3_test/sites/LYN_T/LYN_T_month.csv
2025-09-30 09:36:41,573 [INFO] Written to L3_test/sites/LYN_T/LYN_T_month.nc
/n ======== test join_l3 ========= 

LYN_T
LYN_T array loaded from L3_test/stations/LYN_T/LYN_T_hour.nc
