2025-09-30 09:36:26,991 [DEBUG] Could not import boto3, continuing with reduced functionality.
2025-09-30 09:36:26,992 [DEBUG] GDAL data found in package: path='/home/bav/miniforge3/lib/python3.12/site-packages/rasterio/gdal_data'.
2025-09-30 09:36:26,992 [DEBUG] PROJ data found in package: path='/home/bav/miniforge3/lib/python3.12/site-packages/rasterio/proj_data'.
2025-09-30 09:36:27,482 [INFO] joining KAN_Lv3 KAN_L
2025-09-30 09:36:27,888 [WARNING] Error: fatal: not a git repository (or any of the parent directories): .git

2025-09-30 09:36:28,514 [INFO] Resampling to 60min
2025-09-30 09:36:28,732 [INFO] Writing to files...
2025-09-30 09:36:35,324 [INFO] Written to L3_test/sites/KAN_L/KAN_L_hour.csv
2025-09-30 09:36:35,324 [INFO] Written to L3_test/sites/KAN_L/KAN_L_hour.nc
2025-09-30 09:36:35,460 [INFO] Resampling to 1D
2025-09-30 09:36:35,536 [INFO] Writing to files...
2025-09-30 09:36:35,813 [INFO] Written to L3_test/sites/KAN_L/KAN_L_day.csv
2025-09-30 09:36:35,813 [INFO] Written to L3_test/sites/KAN_L/KAN_L_day.nc
2025-09-30 09:36:35,915 [INFO] Resampling to MS
2025-09-30 09:36:35,984 [INFO] Writing to files...
2025-09-30 09:36:36,051 [INFO] Written to L3_test/sites/KAN_L/KAN_L_month.csv
2025-09-30 09:36:36,051 [INFO] Written to L3_test/sites/KAN_L/KAN_L_month.nc
/n ======== test join_l3 ========= 

KAN_L
KAN_L array loaded from L3_test/stations/KAN_L/KAN_L_hour.nc
KAN_Lv3 array loaded from L3_test/stations/KAN_Lv3/KAN_Lv3_hour.nc
