 ======== test join_l3 ========= 

ZAC_A
2025-11-14 10:01:28,286; ERROR; pypromice.pipeline.join_l3; 
***
ZAC_A_hist listed as a station but not found in L3_test/stations/, ../GC-Net-Level-1-data-processing/L1/hourly nor undefined_folder_glaciobasis
***
ZAC_A array loaded from L3_test/stations/ZAC_A/ZAC_A_hour.nc
2025-11-14 10:01:28,520; INFO; pypromice.pipeline.join_l3; joining ZAC_A
2025-11-14 10:01:28,614; WARNING; pypromice.io.ingest.git; Error: fatal: not a git repository (or any of the parent directories): .git

2025-11-14 10:01:28,879; INFO; pypromice.io.write; Resampling to 60min
2025-11-14 10:01:28,996; INFO; pypromice.io.write; Writing to files...
2025-11-14 10:01:30,360; INFO; pypromice.io.write; Written to L3_test/sites/ZAC_A/ZAC_A_hour.csv
2025-11-14 10:01:30,360; INFO; pypromice.io.write; Written to L3_test/sites/ZAC_A/ZAC_A_hour.nc
2025-11-14 10:01:30,439; INFO; pypromice.io.write; Resampling to 1D
2025-11-14 10:01:30,552; INFO; pypromice.io.write; Writing to files...
2025-11-14 10:01:30,716; INFO; pypromice.io.write; Written to L3_test/sites/ZAC_A/ZAC_A_day.csv
2025-11-14 10:01:30,717; INFO; pypromice.io.write; Written to L3_test/sites/ZAC_A/ZAC_A_day.nc
2025-11-14 10:01:30,811; INFO; pypromice.io.write; Resampling to MS
2025-11-14 10:01:30,923; INFO; pypromice.io.write; Writing to files...
2025-11-14 10:01:31,015; INFO; pypromice.io.write; Written to L3_test/sites/ZAC_A/ZAC_A_month.csv
2025-11-14 10:01:31,015; INFO; pypromice.io.write; Written to L3_test/sites/ZAC_A/ZAC_A_month.nc
