2025-09-30 09:36:39,289 [DEBUG] Could not import boto3, continuing with reduced functionality.
2025-09-30 09:36:39,290 [DEBUG] GDAL data found in package: path='/home/bav/miniforge3/lib/python3.12/site-packages/rasterio/gdal_data'.
2025-09-30 09:36:39,290 [DEBUG] PROJ data found in package: path='/home/bav/miniforge3/lib/python3.12/site-packages/rasterio/proj_data'.
2025-09-30 09:36:39,518 [INFO] joining LYN_L
2025-09-30 09:36:39,685 [WARNING] Error: fatal: not a git repository (or any of the parent directories): .git

2025-09-30 09:36:39,939 [INFO] Resampling to 60min
2025-09-30 09:36:40,106 [INFO] Writing to files...
2025-09-30 09:36:41,509 [INFO] Written to L3_test/sites/LYN_L/LYN_L_hour.csv
2025-09-30 09:36:41,509 [INFO] Written to L3_test/sites/LYN_L/LYN_L_hour.nc
2025-09-30 09:36:41,561 [INFO] Resampling to 1D
2025-09-30 09:36:41,637 [INFO] Writing to files...
2025-09-30 09:36:41,801 [INFO] Written to L3_test/sites/LYN_L/LYN_L_day.csv
2025-09-30 09:36:41,801 [INFO] Written to L3_test/sites/LYN_L/LYN_L_day.nc
2025-09-30 09:36:41,852 [INFO] Resampling to MS
2025-09-30 09:36:41,923 [INFO] Writing to files...
2025-09-30 09:36:42,021 [INFO] Written to L3_test/sites/LYN_L/LYN_L_month.csv
2025-09-30 09:36:42,021 [INFO] Written to L3_test/sites/LYN_L/LYN_L_month.nc
/n ======== test join_l3 ========= 

LYN_L
LYN_L array loaded from L3_test/stations/LYN_L/LYN_L_hour.nc
