2025-09-30 09:37:16,305 [DEBUG] Could not import boto3, continuing with reduced functionality.
2025-09-30 09:37:16,306 [DEBUG] GDAL data found in package: path='/home/bav/miniforge3/lib/python3.12/site-packages/rasterio/gdal_data'.
2025-09-30 09:37:16,306 [DEBUG] PROJ data found in package: path='/home/bav/miniforge3/lib/python3.12/site-packages/rasterio/proj_data'.
2025-09-30 09:37:16,668 [INFO] joining TAS_Av3 TAS_A
2025-09-30 09:37:16,931 [WARNING] Error: fatal: not a git repository (or any of the parent directories): .git

2025-09-30 09:37:17,377 [INFO] Resampling to 60min
2025-09-30 09:37:17,563 [INFO] Writing to files...
2025-09-30 09:37:21,878 [INFO] Written to L3_test/sites/TAS_A/TAS_A_hour.csv
2025-09-30 09:37:21,878 [INFO] Written to L3_test/sites/TAS_A/TAS_A_hour.nc
2025-09-30 09:37:21,960 [INFO] Resampling to 1D
2025-09-30 09:37:22,035 [INFO] Writing to files...
2025-09-30 09:37:22,234 [INFO] Written to L3_test/sites/TAS_A/TAS_A_day.csv
2025-09-30 09:37:22,234 [INFO] Written to L3_test/sites/TAS_A/TAS_A_day.nc
2025-09-30 09:37:22,316 [INFO] Resampling to MS
2025-09-30 09:37:22,388 [INFO] Writing to files...
2025-09-30 09:37:22,461 [INFO] Written to L3_test/sites/TAS_A/TAS_A_month.csv
2025-09-30 09:37:22,461 [INFO] Written to L3_test/sites/TAS_A/TAS_A_month.nc
/n ======== test join_l3 ========= 

TAS_A
TAS_A array loaded from L3_test/stations/TAS_A/TAS_A_hour.nc
TAS_Av3 array loaded from L3_test/stations/TAS_Av3/TAS_Av3_hour.nc
