SCO_Lv3

 ======== test get_l2 ========= 

2025-11-14 09:55:01,392; INFO; pypromice.io.ingest.l0; Detected L0 file type 'csv_default' for ../aws-l0/tx/SCO_Lv3_300534064382530_1.txt
2025-11-14 09:55:01,479; INFO; pypromice.io.ingest.l0; L0 data successfully loaded from SCO_Lv3_300534064382530_1.txt
2025-11-14 09:55:01,479; INFO; pypromice.io.ingest.l0; Detected L0 file type 'csv_default' for ../aws-l0/tx/SCO_Lv3_300534064382530_2.txt
2025-11-14 09:55:01,524; INFO; pypromice.io.ingest.l0; L0 data successfully loaded from SCO_Lv3_300534064382530_2.txt
2025-11-14 09:55:01,535; INFO; pypromice.pipeline.aws; Level 1 processing...
2025-11-14 09:55:01,678; WARNING; pypromice.pipeline.L0toL1; bedrock attribute is not set
2025-11-14 09:55:01,872; WARNING; pypromice.pipeline.L0toL1; bedrock attribute is not set
2025-11-14 09:55:02,006; INFO; pypromice.pipeline.aws; Level 2 processing...
2025-11-14 09:55:02,007; INFO; pypromice.core.qc.github_data_issues; Using file: ../PROMICE-AWS-data-issues/adjustments/SCO_Lv3.csv
2025-11-14 09:55:02,010; INFO; pypromice.core.qc.github_data_issues; Using file: ../PROMICE-AWS-data-issues/flags/SCO_Lv3.csv
2025-11-14 09:55:02,011; INFO; pypromice.core.qc.github_data_issues; No ../PROMICE-AWS-data-issues/flags/SCO_Lv3.csv file to read.
2025-11-14 09:55:02,012; INFO; pypromice.core.qc.github_data_issues; Using file: ../PROMICE-AWS-data-issues/adjustments/SCO_Lv3.csv
2025-11-14 09:55:02,721; INFO; pypromice.io.write; Resampling to 60min
2025-11-14 09:55:02,785; INFO; pypromice.io.write; Writing to files...
2025-11-14 09:55:03,180; INFO; pypromice.io.write; Written to L2_test/tx/SCO_Lv3/SCO_Lv3_hour.csv
2025-11-14 09:55:03,180; INFO; pypromice.io.write; Written to L2_test/tx/SCO_Lv3/SCO_Lv3_hour.nc
2025-11-14 09:55:03,458; INFO; pypromice.io.ingest.l0; Detected L0 file type 'toa5' for ../aws-l0/raw/SCO_Lv3/SCO_Lv3_2025_raw.dat
2025-11-14 09:55:03,612; INFO; pypromice.io.ingest.l0; Detected L0 file type 'toa5' for ../aws-l0/raw/SCO_Lv3/SCO_Lv3_2025_raw.dat
2025-11-14 09:55:03,827; INFO; pypromice.io.ingest.l0; L0 data successfully loaded from SCO_Lv3_2025_raw.dat
2025-11-14 09:55:03,832; INFO; pypromice.pipeline.aws; Level 1 processing...
2025-11-14 09:55:03,925; WARNING; pypromice.pipeline.L0toL1; bedrock attribute is not set
2025-11-14 09:55:04,020; INFO; pypromice.pipeline.aws; Level 2 processing...
2025-11-14 09:55:04,022; INFO; pypromice.core.qc.github_data_issues; Using file: ../PROMICE-AWS-data-issues/adjustments/SCO_Lv3.csv
2025-11-14 09:55:04,026; INFO; pypromice.core.qc.github_data_issues; Using file: ../PROMICE-AWS-data-issues/flags/SCO_Lv3.csv
2025-11-14 09:55:04,026; INFO; pypromice.core.qc.github_data_issues; No ../PROMICE-AWS-data-issues/flags/SCO_Lv3.csv file to read.
2025-11-14 09:55:04,028; INFO; pypromice.core.qc.github_data_issues; Using file: ../PROMICE-AWS-data-issues/adjustments/SCO_Lv3.csv
2025-11-14 09:55:04,636; INFO; pypromice.io.write; Resampling to 10min
2025-11-14 09:55:04,718; INFO; pypromice.io.write; Writing to files...
2025-11-14 09:55:05,928; INFO; pypromice.io.write; Written to L2_test/raw/SCO_Lv3/SCO_Lv3_10min.csv
2025-11-14 09:55:05,928; INFO; pypromice.io.write; Written to L2_test/raw/SCO_Lv3/SCO_Lv3_10min.nc
2025-11-14 09:55:06,128; INFO; pypromice.io.write; Resampling to 60min
2025-11-14 09:55:06,188; INFO; pypromice.io.write; Writing to files...
2025-11-14 09:55:06,472; INFO; pypromice.io.write; Written to L2_test/raw/SCO_Lv3/SCO_Lv3_hour.csv
2025-11-14 09:55:06,472; INFO; pypromice.io.write; Written to L2_test/raw/SCO_Lv3/SCO_Lv3_hour.nc

 ======== test join_l2 ========= 

2025-11-14 09:55:06,605; INFO; pypromice.pipeline.join_l2; SCO_Lv3 array loaded from L2_test/raw/SCO_Lv3/SCO_Lv3_hour.nc
2025-11-14 09:55:06,632; INFO; pypromice.pipeline.join_l2; SCO_Lv3 array loaded from L2_test/tx/SCO_Lv3/SCO_Lv3_hour.nc
2025-11-14 09:55:06,632; INFO; pypromice.pipeline.join_l2; Combining L2_test/raw/SCO_Lv3/SCO_Lv3_hour.nc with L2_test/tx/SCO_Lv3/SCO_Lv3_hour.nc...
2025-11-14 09:55:06,716; INFO; pypromice.io.write; Writing to files...
2025-11-14 09:55:07,088; INFO; pypromice.io.write; Written to L2_test/level_2/SCO_Lv3/SCO_Lv3_hour.csv
2025-11-14 09:55:07,088; INFO; pypromice.io.write; Written to L2_test/level_2/SCO_Lv3/SCO_Lv3_hour.nc
2025-11-14 09:55:07,089; INFO; pypromice.pipeline.join_l2; Files saved to L2_test/level_2/SCO_Lv3...

 ======== test l2tol3 ========= 

2025-11-14 09:55:07,129; WARNING; root; data_issues_path is missing. Using default data issues path: ../PROMICE-AWS-data-issues
2025-11-14 09:55:08,150; INFO; pypromice.pipeline.L2toL3; processing gps_lat without relocation
2025-11-14 09:55:08,153; INFO; pypromice.pipeline.L2toL3; processing gps_lon without relocation
2025-11-14 09:55:08,156; INFO; pypromice.pipeline.L2toL3; processing gps_alt without relocation
2025-11-14 09:55:08,171; INFO; pypromice.core.qc.github_data_issues; Using file: ../PROMICE-AWS-data-issues/adjustments/SCO_Lv3.csv
2025-11-14 09:55:08,182; INFO; pypromice.pipeline.L2toL3; Combining surface height
2025-11-14 09:55:08,182; INFO; pypromice.pipeline.L2toL3; -> ablation site
2025-11-14 09:55:08,252; INFO; pypromice.pipeline.L2toL3; surface height combination finished
2025-11-14 09:55:08,272; INFO; pypromice.pipeline.L2toL3; Calculating thermistor depth
2025-11-14 09:55:08,276; INFO; pypromice.pipeline.L2toL3; No maintenance at SCO_Lv3
2025-11-14 09:55:08,282; INFO; pypromice.pipeline.L2toL3; interpolating 10 m firn/ice temperature (on hourly values)
2025-11-14 09:55:08,751; INFO; pypromice.io.write; Resampling to 60min
2025-11-14 09:55:08,836; INFO; pypromice.io.write; Writing to files...
2025-11-14 09:55:09,202; INFO; pypromice.io.write; Written to L3_test/stations/SCO_Lv3/SCO_Lv3_hour.csv
2025-11-14 09:55:09,202; INFO; pypromice.io.write; Written to L3_test/stations/SCO_Lv3/SCO_Lv3_hour.nc
2025-11-14 09:55:09,250; INFO; pypromice.io.write; Resampling to 1D
2025-11-14 09:55:09,328; INFO; pypromice.io.write; Writing to files...
2025-11-14 09:55:09,394; INFO; pypromice.io.write; Written to L3_test/stations/SCO_Lv3/SCO_Lv3_day.csv
2025-11-14 09:55:09,394; INFO; pypromice.io.write; Written to L3_test/stations/SCO_Lv3/SCO_Lv3_day.nc
2025-11-14 09:55:09,436; INFO; pypromice.io.write; Resampling to MS
2025-11-14 09:55:09,513; INFO; pypromice.io.write; Writing to files...
2025-11-14 09:55:09,570; INFO; pypromice.io.write; Written to L3_test/stations/SCO_Lv3/SCO_Lv3_month.csv
2025-11-14 09:55:09,570; INFO; pypromice.io.write; Written to L3_test/stations/SCO_Lv3/SCO_Lv3_month.nc
