SDM

 ======== test get_l2 ========= 

2025-11-14 09:56:07,956; INFO; pypromice.io.ingest.l0; Detected L0 file type 'csv_default' for ../aws-l0/tx/SDM_300534064387800_1.txt
2025-11-14 09:56:08,008; INFO; pypromice.io.ingest.l0; Detected L0 file type 'csv_default' for ../aws-l0/tx/SDM_300534064387800_1.txt
2025-11-14 09:56:08,140; INFO; pypromice.io.ingest.l0; L0 data successfully loaded from SDM_300534064387800_1.txt
2025-11-14 09:56:08,145; INFO; pypromice.pipeline.aws; Level 1 processing...
2025-11-14 09:56:08,277; WARNING; pypromice.pipeline.L0toL1; bedrock attribute is not set
2025-11-14 09:56:08,418; INFO; pypromice.pipeline.aws; Level 2 processing...
2025-11-14 09:56:08,419; INFO; pypromice.core.qc.github_data_issues; Using file: ../PROMICE-AWS-data-issues/adjustments/SDM.csv
2025-11-14 09:56:08,425; INFO; pypromice.core.qc.github_data_issues; Using file: ../PROMICE-AWS-data-issues/flags/SDM.csv
2025-11-14 09:56:08,580; INFO; pypromice.core.qc.github_data_issues; Using file: ../PROMICE-AWS-data-issues/adjustments/SDM.csv
2025-11-14 09:56:08,610; INFO; pypromice.core.qc.github_data_issues; could not adjust z_surf_1 not in dataset
2025-11-14 09:56:08,610; INFO; pypromice.core.qc.github_data_issues; could not adjust z_surf_2 not in dataset
2025-11-14 09:56:09,297; INFO; pypromice.io.write; Resampling to 60min
2025-11-14 09:56:09,382; INFO; pypromice.io.write; Writing to files...
2025-11-14 09:56:09,929; INFO; pypromice.io.write; Written to L2_test/tx/SDM/SDM_hour.csv
2025-11-14 09:56:09,930; INFO; pypromice.io.write; Written to L2_test/tx/SDM/SDM_hour.nc
2025-11-14 09:56:10,165; INFO; pypromice.io.ingest.l0; Detected L0 file type 'toa5' for ../aws-l0/raw/SDM/SDM_2023_raw.txt
2025-11-14 09:56:10,395; INFO; pypromice.io.ingest.l0; Detected L0 file type 'toa5' for ../aws-l0/raw/SDM/SDM_2023_raw.txt
2025-11-14 09:56:11,056; INFO; pypromice.io.ingest.l0; L0 data successfully loaded from SDM_2023_raw.txt
2025-11-14 09:56:11,065; INFO; pypromice.io.ingest.l0; Detected L0 file type 'toa5' for ../aws-l0/raw/SDM/SDM_2024_raw.txt
2025-11-14 09:56:11,150; INFO; pypromice.io.ingest.l0; Detected L0 file type 'toa5' for ../aws-l0/raw/SDM/SDM_2024_raw.txt
2025-11-14 09:56:11,458; INFO; pypromice.io.ingest.l0; L0 data successfully loaded from SDM_2024_raw.txt
2025-11-14 09:56:11,465; INFO; pypromice.io.ingest.l0; Detected L0 file type 'toa5' for ../aws-l0/raw/SDM/SDM_2025_raw.txt
2025-11-14 09:56:11,567; INFO; pypromice.io.ingest.l0; Detected L0 file type 'toa5' for ../aws-l0/raw/SDM/SDM_2025_raw.txt
2025-11-14 09:56:11,828; INFO; pypromice.io.ingest.l0; L0 data successfully loaded from SDM_2025_raw.txt
2025-11-14 09:56:11,851; INFO; pypromice.pipeline.aws; Level 1 processing...
2025-11-14 09:56:12,098; WARNING; pypromice.pipeline.L0toL1; bedrock attribute is not set
2025-11-14 09:56:12,435; WARNING; pypromice.pipeline.L0toL1; bedrock attribute is not set
2025-11-14 09:56:12,740; WARNING; pypromice.pipeline.L0toL1; bedrock attribute is not set
2025-11-14 09:56:13,327; INFO; pypromice.pipeline.aws; Level 2 processing...
2025-11-14 09:56:13,342; INFO; pypromice.core.qc.github_data_issues; Using file: ../PROMICE-AWS-data-issues/adjustments/SDM.csv
2025-11-14 09:56:13,356; INFO; pypromice.core.qc.github_data_issues; Using file: ../PROMICE-AWS-data-issues/flags/SDM.csv
2025-11-14 09:56:13,597; INFO; pypromice.core.qc.github_data_issues; Using file: ../PROMICE-AWS-data-issues/adjustments/SDM.csv
2025-11-14 09:56:13,638; INFO; pypromice.core.qc.github_data_issues; could not adjust z_surf_1 not in dataset
2025-11-14 09:56:13,638; INFO; pypromice.core.qc.github_data_issues; could not adjust z_surf_2 not in dataset
2025-11-14 09:56:15,739; INFO; pypromice.io.write; Resampling to 10min
2025-11-14 09:56:15,938; INFO; pypromice.io.write; Writing to files...
2025-11-14 09:56:22,476; INFO; pypromice.io.write; Written to L2_test/raw/SDM/SDM_10min.csv
2025-11-14 09:56:22,476; INFO; pypromice.io.write; Written to L2_test/raw/SDM/SDM_10min.nc
2025-11-14 09:56:23,096; INFO; pypromice.io.write; Resampling to 60min
2025-11-14 09:56:23,204; INFO; pypromice.io.write; Writing to files...
2025-11-14 09:56:24,330; INFO; pypromice.io.write; Written to L2_test/raw/SDM/SDM_hour.csv
2025-11-14 09:56:24,330; INFO; pypromice.io.write; Written to L2_test/raw/SDM/SDM_hour.nc

 ======== test join_l2 ========= 

2025-11-14 09:56:24,464; INFO; pypromice.pipeline.join_l2; SDM array loaded from L2_test/raw/SDM/SDM_hour.nc
2025-11-14 09:56:24,499; INFO; pypromice.pipeline.join_l2; SDM array loaded from L2_test/tx/SDM/SDM_hour.nc
2025-11-14 09:56:24,499; INFO; pypromice.pipeline.join_l2; Combining L2_test/raw/SDM/SDM_hour.nc with L2_test/tx/SDM/SDM_hour.nc...
2025-11-14 09:56:24,630; INFO; pypromice.io.write; Writing to files...
2025-11-14 09:56:25,869; INFO; pypromice.io.write; Written to L2_test/level_2/SDM/SDM_hour.csv
2025-11-14 09:56:25,869; INFO; pypromice.io.write; Written to L2_test/level_2/SDM/SDM_hour.nc
2025-11-14 09:56:25,869; INFO; pypromice.pipeline.join_l2; Files saved to L2_test/level_2/SDM...

 ======== test l2tol3 ========= 

2025-11-14 09:56:25,914; WARNING; root; data_issues_path is missing. Using default data issues path: ../PROMICE-AWS-data-issues
2025-11-14 09:56:29,380; INFO; pypromice.pipeline.L2toL3; processing gps_lat with relocation on 2023-06-12T00:00:00
2025-11-14 09:56:29,388; INFO; pypromice.pipeline.L2toL3; processing gps_lon with relocation on 2023-06-12T00:00:00
2025-11-14 09:56:29,395; INFO; pypromice.pipeline.L2toL3; processing gps_alt with relocation on 2023-06-12T00:00:00
2025-11-14 09:56:29,424; INFO; pypromice.core.qc.github_data_issues; Using file: ../PROMICE-AWS-data-issues/adjustments/SDM.csv
2025-11-14 09:56:29,451; INFO; pypromice.pipeline.L2toL3; Combining surface height
2025-11-14 09:56:29,451; INFO; pypromice.pipeline.L2toL3; -> did not find z_ice_surf
2025-11-14 09:56:29,451; INFO; pypromice.pipeline.L2toL3; -> no z_pt or accumulation site: averaging z_surf_1 and z_surf_2
2025-11-14 09:56:29,523; INFO; pypromice.pipeline.L2toL3; Calculating thermistor depth
2025-11-14 09:56:29,593; INFO; pypromice.pipeline.L2toL3; interpolating 10 m firn/ice temperature (on hourly values)
2025-11-14 09:56:36,422; INFO; pypromice.io.write; Resampling to 60min
2025-11-14 09:56:36,605; INFO; pypromice.io.write; Writing to files...
2025-11-14 09:56:38,538; INFO; pypromice.io.write; Written to L3_test/stations/SDM/SDM_hour.csv
2025-11-14 09:56:38,538; INFO; pypromice.io.write; Written to L3_test/stations/SDM/SDM_hour.nc
2025-11-14 09:56:38,676; INFO; pypromice.io.write; Resampling to 1D
2025-11-14 09:56:38,781; INFO; pypromice.io.write; Writing to files...
2025-11-14 09:56:38,905; INFO; pypromice.io.write; Written to L3_test/stations/SDM/SDM_day.csv
2025-11-14 09:56:38,905; INFO; pypromice.io.write; Written to L3_test/stations/SDM/SDM_day.nc
2025-11-14 09:56:39,035; INFO; pypromice.io.write; Resampling to MS
2025-11-14 09:56:39,146; INFO; pypromice.io.write; Writing to files...
2025-11-14 09:56:39,216; INFO; pypromice.io.write; Written to L3_test/stations/SDM/SDM_month.csv
2025-11-14 09:56:39,216; INFO; pypromice.io.write; Written to L3_test/stations/SDM/SDM_month.nc
