KPC_Uv3

 ======== test get_l2 ========= 

2025-11-14 09:50:16,402; INFO; pypromice.io.ingest.l0; Detected L0 file type 'csv_default' for ../aws-l0/tx/KPC_Uv3_300534063810550_1.txt
2025-11-14 09:50:16,463; INFO; pypromice.io.ingest.l0; L0 data successfully loaded from KPC_Uv3_300534063810550_1.txt
2025-11-14 09:50:16,469; INFO; pypromice.pipeline.aws; Level 1 processing...
2025-11-14 09:50:16,579; WARNING; pypromice.pipeline.L0toL1; bedrock attribute is not set
2025-11-14 09:50:16,695; INFO; pypromice.pipeline.aws; Level 2 processing...
2025-11-14 09:50:16,696; INFO; pypromice.core.qc.github_data_issues; Using file: ../PROMICE-AWS-data-issues/adjustments/KPC_Uv3.csv
/home/bav/pypromice/src/pypromice/core/qc/github_data_issues.py:100: SettingWithCopyWarning: 
A value is trying to be set on a copy of a slice from a DataFrame.
Try using .loc[row_indexer,col_indexer] = value instead

See the caveats in the documentation: https://pandas.pydata.org/pandas-docs/stable/user_guide/indexing.html#returning-a-view-versus-a-copy
  time_shifts.t0 = pd.to_datetime(time_shifts.t0).dt.tz_localize(None)
/home/bav/pypromice/src/pypromice/core/qc/github_data_issues.py:101: SettingWithCopyWarning: 
A value is trying to be set on a copy of a slice from a DataFrame.
Try using .loc[row_indexer,col_indexer] = value instead

See the caveats in the documentation: https://pandas.pydata.org/pandas-docs/stable/user_guide/indexing.html#returning-a-view-versus-a-copy
  time_shifts.t1 = pd.to_datetime(time_shifts.t1).dt.tz_localize(None)
2025-11-14 09:50:16,732; INFO; pypromice.core.qc.github_data_issues; Using file: ../PROMICE-AWS-data-issues/flags/KPC_Uv3.csv
2025-11-14 09:50:16,758; INFO; pypromice.core.qc.github_data_issues; Using file: ../PROMICE-AWS-data-issues/adjustments/KPC_Uv3.csv
2025-11-14 09:50:16,795; INFO; pypromice.core.qc.github_data_issues; could not adjust z_surf_2 not in dataset
2025-11-14 09:50:17,506; INFO; pypromice.io.write; Resampling to 60min
2025-11-14 09:50:17,563; INFO; pypromice.io.write; Writing to files...
2025-11-14 09:50:17,802; INFO; pypromice.io.write; Written to L2_test/tx/KPC_Uv3/KPC_Uv3_hour.csv
2025-11-14 09:50:17,802; INFO; pypromice.io.write; Written to L2_test/tx/KPC_Uv3/KPC_Uv3_hour.nc

 ======== test join_l2 ========= 

2025-11-14 09:50:17,964; INFO; pypromice.pipeline.join_l2; KPC_Uv3 array loaded from L2_test/tx/KPC_Uv3/KPC_Uv3_hour.nc
2025-11-14 09:50:17,964; INFO; pypromice.pipeline.join_l2; Only one file found L2_test/tx/KPC_Uv3/KPC_Uv3_hour.nc...
2025-11-14 09:50:18,053; INFO; pypromice.io.write; Writing to files...
2025-11-14 09:50:18,344; INFO; pypromice.io.write; Written to L2_test/level_2/KPC_Uv3/KPC_Uv3_hour.csv
2025-11-14 09:50:18,344; INFO; pypromice.io.write; Written to L2_test/level_2/KPC_Uv3/KPC_Uv3_hour.nc
2025-11-14 09:50:18,344; INFO; pypromice.pipeline.join_l2; Files saved to L2_test/level_2/KPC_Uv3...

 ======== test l2tol3 ========= 

2025-11-14 09:50:18,393; WARNING; root; data_issues_path is missing. Using default data issues path: ../PROMICE-AWS-data-issues
2025-11-14 09:50:18,461; INFO; pypromice.pipeline.L2toL3; processing gps_lat without relocation
2025-11-14 09:50:18,464; INFO; pypromice.pipeline.L2toL3; processing gps_lon without relocation
2025-11-14 09:50:18,467; INFO; pypromice.pipeline.L2toL3; processing gps_alt without relocation
2025-11-14 09:50:18,482; INFO; pypromice.core.qc.github_data_issues; Using file: ../PROMICE-AWS-data-issues/adjustments/KPC_Uv3.csv
2025-11-14 09:50:18,495; INFO; pypromice.core.qc.github_data_issues; ---> None 2022-05-22 00:00:00 z_surf_2 min_filter 0.36
2025-11-14 09:50:18,495; INFO; pypromice.core.qc.github_data_issues; Time range does not intersect with dataset
2025-11-14 09:50:18,496; INFO; pypromice.pipeline.L2toL3; Combining surface height
2025-11-14 09:50:18,496; INFO; pypromice.pipeline.L2toL3; -> ablation site
2025-11-14 09:50:18,540; INFO; pypromice.pipeline.L2toL3; surface height combination finished
2025-11-14 09:50:18,558; INFO; pypromice.pipeline.L2toL3; Calculating thermistor depth
2025-11-14 09:50:18,574; INFO; pypromice.pipeline.L2toL3; interpolating 10 m firn/ice temperature (on hourly values)
2025-11-14 09:50:19,760; INFO; pypromice.io.write; Resampling to 60min
2025-11-14 09:50:19,839; INFO; pypromice.io.write; Writing to files...
2025-11-14 09:50:20,125; INFO; pypromice.io.write; Written to L3_test/stations/KPC_Uv3/KPC_Uv3_hour.csv
2025-11-14 09:50:20,125; INFO; pypromice.io.write; Written to L3_test/stations/KPC_Uv3/KPC_Uv3_hour.nc
2025-11-14 09:50:20,166; INFO; pypromice.io.write; Resampling to 1D
2025-11-14 09:50:20,239; INFO; pypromice.io.write; Writing to files...
2025-11-14 09:50:20,300; INFO; pypromice.io.write; Written to L3_test/stations/KPC_Uv3/KPC_Uv3_day.csv
2025-11-14 09:50:20,300; INFO; pypromice.io.write; Written to L3_test/stations/KPC_Uv3/KPC_Uv3_day.nc
2025-11-14 09:50:20,341; INFO; pypromice.io.write; Resampling to MS
2025-11-14 09:50:20,415; INFO; pypromice.io.write; Writing to files...
2025-11-14 09:50:20,469; INFO; pypromice.io.write; Written to L3_test/stations/KPC_Uv3/KPC_Uv3_month.csv
2025-11-14 09:50:20,469; INFO; pypromice.io.write; Written to L3_test/stations/KPC_Uv3/KPC_Uv3_month.nc
