TAS_A

 ======== test get_l2 ========= 

2025-11-14 09:56:08,290; INFO; pypromice.io.ingest.l0; Detected L0 file type 'csv_default' for ../aws-l0/tx/TAS_A_300234066316280_1.txt
2025-11-14 09:56:08,362; INFO; pypromice.io.ingest.l0; L0 data successfully loaded from TAS_A_300234066316280_1.txt
2025-11-14 09:56:08,370; INFO; pypromice.pipeline.aws; Level 1 processing...
2025-11-14 09:56:08,523; WARNING; pypromice.pipeline.L0toL1; bedrock attribute is not set
2025-11-14 09:56:08,618; INFO; pypromice.pipeline.aws; Level 2 processing...
2025-11-14 09:56:08,619; INFO; pypromice.core.qc.github_data_issues; Using file: ../PROMICE-AWS-data-issues/adjustments/TAS_A.csv
2025-11-14 09:56:08,622; INFO; pypromice.core.qc.github_data_issues; Using file: ../PROMICE-AWS-data-issues/flags/TAS_A.csv
2025-11-14 09:56:08,747; INFO; pypromice.core.qc.github_data_issues; Using file: ../PROMICE-AWS-data-issues/adjustments/TAS_A.csv
2025-11-14 09:56:08,762; INFO; pypromice.core.qc.github_data_issues; ---> 2014-02-05 00:00:00 2014-03-14 00:00:00 p_u max_filter 905.0
2025-11-14 09:56:08,762; INFO; pypromice.core.qc.github_data_issues; Time range does not intersect with dataset
2025-11-14 09:56:08,777; INFO; pypromice.core.qc.github_data_issues; could not adjust z_ice_surf not in dataset
2025-11-14 09:56:08,779; INFO; pypromice.core.qc.github_data_issues; ---> 2013-01-01 00:00:00 2016-01-01 00:00:00 z_stake_cor max_filter 2.26
2025-11-14 09:56:08,779; INFO; pypromice.core.qc.github_data_issues; Time range does not intersect with dataset
2025-11-14 09:56:08,781; INFO; pypromice.core.qc.github_data_issues; ---> 2016-09-01 00:00:00 2021-07-01 00:00:00 z_stake_cor max_filter 2.37
2025-11-14 09:56:08,782; INFO; pypromice.core.qc.github_data_issues; Time range does not intersect with dataset
2025-11-14 09:56:08,785; INFO; pypromice.core.qc.github_data_issues; could not adjust z_surf_1 not in dataset
2025-11-14 09:56:08,786; INFO; pypromice.core.qc.github_data_issues; could not adjust z_surf_2 not in dataset
2025-11-14 09:56:09,623; INFO; pypromice.io.write; Resampling to 60min
2025-11-14 09:56:09,700; INFO; pypromice.io.write; Writing to files...
2025-11-14 09:56:10,036; INFO; pypromice.io.write; Written to L2_test/tx/TAS_A/TAS_A_hour.csv
2025-11-14 09:56:10,036; INFO; pypromice.io.write; Written to L2_test/tx/TAS_A/TAS_A_hour.nc
2025-11-14 09:56:10,285; INFO; pypromice.io.ingest.l0; Detected L0 file type 'toa5' for ../aws-l0/raw/TAS_A/TAS_A_2014_raw_modGPStilt.csv
2025-11-14 09:56:10,396; INFO; pypromice.io.ingest.l0; Detected L0 file type 'toa5' for ../aws-l0/raw/TAS_A/TAS_A_2014_raw_modGPStilt.csv
2025-11-14 09:56:10,688; INFO; pypromice.io.ingest.l0; L0 data successfully loaded from TAS_A_2014_raw_modGPStilt.csv
2025-11-14 09:56:10,697; INFO; pypromice.io.ingest.l0; Detected L0 file type 'toa5' for ../aws-l0/raw/TAS_A/TAS_A_2015_raw_modGPStilt.csv
2025-11-14 09:56:10,824; INFO; pypromice.io.ingest.l0; Detected L0 file type 'toa5' for ../aws-l0/raw/TAS_A/TAS_A_2015_raw_modGPStilt.csv
2025-11-14 09:56:11,045; INFO; pypromice.io.ingest.l0; L0 data successfully loaded from TAS_A_2015_raw_modGPStilt.csv
2025-11-14 09:56:11,556; INFO; pypromice.io.ingest.l0; Detected L0 file type 'toa5' for ../aws-l0/raw/TAS_A/TAS_A_2016_raw_SlimTableMem.txt
2025-11-14 09:56:11,576; INFO; pypromice.io.ingest.l0; Detected L0 file type 'toa5' for ../aws-l0/raw/TAS_A/TAS_A_2016_raw_SlimTableMem.txt
2025-11-14 09:56:11,635; INFO; pypromice.io.ingest.l0; L0 data successfully loaded from TAS_A_2016_raw_SlimTableMem.txt
2025-11-14 09:56:11,658; INFO; pypromice.io.ingest.l0; Detected L0 file type 'toa5' for ../aws-l0/raw/TAS_A/TAS_A_2016_raw.txt
2025-11-14 09:56:11,659; INFO; pypromice.io.ingest.l0; Detected L0 file type 'toa5' for ../aws-l0/raw/TAS_A/TAS_A_2016_raw.txt
2025-11-14 09:56:11,678; INFO; pypromice.io.ingest.l0; L0 data successfully loaded from TAS_A_2016_raw.txt
2025-11-14 09:56:11,686; INFO; pypromice.io.ingest.l0; Detected L0 file type 'toa5' for ../aws-l0/raw/TAS_A/TAS_A_2017_raw.txt
2025-11-14 09:56:11,849; INFO; pypromice.io.ingest.l0; Detected L0 file type 'toa5' for ../aws-l0/raw/TAS_A/TAS_A_2017_raw.txt
2025-11-14 09:56:12,154; INFO; pypromice.io.ingest.l0; L0 data successfully loaded from TAS_A_2017_raw.txt
2025-11-14 09:56:12,160; INFO; pypromice.io.ingest.l0; Detected L0 file type 'toa5' for ../aws-l0/raw/TAS_A/TAS_A_2018_raw.txt
2025-11-14 09:56:12,303; INFO; pypromice.io.ingest.l0; Detected L0 file type 'toa5' for ../aws-l0/raw/TAS_A/TAS_A_2018_raw.txt
2025-11-14 09:56:12,573; INFO; pypromice.io.ingest.l0; L0 data successfully loaded from TAS_A_2018_raw.txt
2025-11-14 09:56:12,917; INFO; pypromice.io.ingest.l0; Detected L0 file type 'csv_default' for ../aws-l0/raw/TAS_A/TAS_A_2019_raw_SlimTableMem.txt
2025-11-14 09:56:12,927; INFO; pypromice.io.ingest.l0; Detected L0 file type 'csv_default' for ../aws-l0/raw/TAS_A/TAS_A_2019_raw_SlimTableMem.txt
2025-11-14 09:56:12,970; INFO; pypromice.io.ingest.l0; L0 data successfully loaded from TAS_A_2019_raw_SlimTableMem.txt
2025-11-14 09:56:12,978; INFO; pypromice.io.ingest.l0; Detected L0 file type 'toa5' for ../aws-l0/raw/TAS_A/TAS_A_2020_raw.txt
2025-11-14 09:56:13,212; INFO; pypromice.io.ingest.l0; Detected L0 file type 'toa5' for ../aws-l0/raw/TAS_A/TAS_A_2020_raw.txt
2025-11-14 09:56:13,630; INFO; pypromice.io.ingest.l0; L0 data successfully loaded from TAS_A_2020_raw.txt
2025-11-14 09:56:13,636; INFO; pypromice.io.ingest.l0; Detected L0 file type 'csv_default' for ../aws-l0/raw/TAS_A/TAS_A_2020_raw_transmitted2.txt
2025-11-14 09:56:13,653; INFO; pypromice.io.ingest.l0; L0 data successfully loaded from TAS_A_2020_raw_transmitted2.txt
2025-11-14 09:56:14,358; INFO; pypromice.io.ingest.l0; Detected L0 file type 'toa5' for ../aws-l0/raw/TAS_A/TAS_A_2022_raw_SlimTableMem.txt
2025-11-14 09:56:14,386; INFO; pypromice.io.ingest.l0; Detected L0 file type 'toa5' for ../aws-l0/raw/TAS_A/TAS_A_2022_raw_SlimTableMem.txt
2025-11-14 09:56:14,451; INFO; pypromice.io.ingest.l0; L0 data successfully loaded from TAS_A_2022_raw_SlimTableMem.txt
2025-11-14 09:56:14,462; INFO; pypromice.io.ingest.l0; Detected L0 file type 'csv_default' for ../aws-l0/raw/TAS_A/TAS_A_2022_raw_transmitted.txt
2025-11-14 09:56:14,469; INFO; pypromice.io.ingest.l0; Detected L0 file type 'csv_default' for ../aws-l0/raw/TAS_A/TAS_A_2022_raw_transmitted.txt
2025-11-14 09:56:14,497; INFO; pypromice.io.ingest.l0; L0 data successfully loaded from TAS_A_2022_raw_transmitted.txt
2025-11-14 09:56:15,451; INFO; pypromice.io.ingest.l0; Detected L0 file type 'toa5' for ../aws-l0/raw/TAS_A/TAS_A_2023_raw.txt
2025-11-14 09:56:15,491; INFO; pypromice.io.ingest.l0; Detected L0 file type 'toa5' for ../aws-l0/raw/TAS_A/TAS_A_2023_raw.txt
2025-11-14 09:56:15,583; INFO; pypromice.io.ingest.l0; L0 data successfully loaded from TAS_A_2023_raw.txt
2025-11-14 09:56:15,962; INFO; pypromice.io.ingest.l0; Detected L0 file type 'toa5' for ../aws-l0/raw/TAS_A/Tas_A_2023_raw_SlimTableMem.txt
2025-11-14 09:56:15,972; INFO; pypromice.io.ingest.l0; Detected L0 file type 'toa5' for ../aws-l0/raw/TAS_A/Tas_A_2023_raw_SlimTableMem.txt
2025-11-14 09:56:16,015; INFO; pypromice.io.ingest.l0; L0 data successfully loaded from Tas_A_2023_raw_SlimTableMem.txt
2025-11-14 09:56:16,661; INFO; pypromice.io.ingest.l0; Detected L0 file type 'toa5' for ../aws-l0/raw/TAS_A/TAS_A_2024_raw.txt
2025-11-14 09:56:16,680; INFO; pypromice.io.ingest.l0; Detected L0 file type 'toa5' for ../aws-l0/raw/TAS_A/TAS_A_2024_raw.txt
2025-11-14 09:56:16,744; INFO; pypromice.io.ingest.l0; L0 data successfully loaded from TAS_A_2024_raw.txt
2025-11-14 09:56:16,822; INFO; pypromice.pipeline.aws; Level 1 processing...
2025-11-14 09:56:17,093; WARNING; pypromice.pipeline.L0toL1; bedrock attribute is not set
2025-11-14 09:56:17,330; WARNING; pypromice.pipeline.L0toL1; bedrock attribute is not set
2025-11-14 09:56:17,578; WARNING; pypromice.pipeline.L0toL1; bedrock attribute is not set
2025-11-14 09:56:17,786; WARNING; pypromice.pipeline.L0toL1; bedrock attribute is not set
2025-11-14 09:56:18,253; WARNING; pypromice.pipeline.L0toL1; bedrock attribute is not set
2025-11-14 09:56:18,607; WARNING; pypromice.pipeline.L0toL1; bedrock attribute is not set
2025-11-14 09:56:18,831; INFO; pypromice.pipeline.L0toL1; Wind speed correction applied to wspd_u based on factor of 1.7
2025-11-14 09:56:18,832; WARNING; pypromice.pipeline.L0toL1; bedrock attribute is not set
2025-11-14 09:56:19,145; INFO; pypromice.pipeline.L0toL1; Wind speed correction applied to wspd_u based on factor of 1.7
2025-11-14 09:56:19,146; WARNING; pypromice.pipeline.L0toL1; bedrock attribute is not set
2025-11-14 09:56:19,314; WARNING; pypromice.pipeline.L0toL1; bedrock attribute is not set
2025-11-14 09:56:19,484; WARNING; pypromice.pipeline.L0toL1; bedrock attribute is not set
2025-11-14 09:56:19,649; WARNING; pypromice.pipeline.L0toL1; bedrock attribute is not set
2025-11-14 09:56:19,817; WARNING; pypromice.pipeline.L0toL1; bedrock attribute is not set
2025-11-14 09:56:19,987; WARNING; pypromice.pipeline.L0toL1; bedrock attribute is not set
2025-11-14 09:56:20,185; WARNING; pypromice.pipeline.L0toL1; bedrock attribute is not set
2025-11-14 09:56:21,562; INFO; pypromice.pipeline.aws; Level 2 processing...
2025-11-14 09:56:21,576; INFO; pypromice.core.qc.github_data_issues; Using file: ../PROMICE-AWS-data-issues/adjustments/TAS_A.csv
2025-11-14 09:56:21,592; INFO; pypromice.core.qc.github_data_issues; Using file: ../PROMICE-AWS-data-issues/flags/TAS_A.csv
2025-11-14 09:56:21,868; INFO; pypromice.core.qc.github_data_issues; Using file: ../PROMICE-AWS-data-issues/adjustments/TAS_A.csv
2025-11-14 09:56:21,911; INFO; pypromice.core.qc.github_data_issues; could not adjust z_ice_surf not in dataset
2025-11-14 09:56:21,920; INFO; pypromice.core.qc.github_data_issues; could not adjust z_surf_1 not in dataset
2025-11-14 09:56:21,920; INFO; pypromice.core.qc.github_data_issues; could not adjust z_surf_2 not in dataset
2025-11-14 09:56:25,518; INFO; pypromice.io.write; Resampling to 10min
2025-11-14 09:56:25,966; INFO; pypromice.io.write; Writing to files...
2025-11-14 09:56:32,762; INFO; pypromice.io.write; Written to L2_test/raw/TAS_A/TAS_A_10min.csv
2025-11-14 09:56:32,762; INFO; pypromice.io.write; Written to L2_test/raw/TAS_A/TAS_A_10min.nc
2025-11-14 09:56:33,825; INFO; pypromice.io.write; Resampling to 60min
2025-11-14 09:56:33,940; INFO; pypromice.io.write; Writing to files...
2025-11-14 09:56:35,879; INFO; pypromice.io.write; Written to L2_test/raw/TAS_A/TAS_A_hour.csv
2025-11-14 09:56:35,879; INFO; pypromice.io.write; Written to L2_test/raw/TAS_A/TAS_A_hour.nc

 ======== test join_l2 ========= 

2025-11-14 09:56:36,017; INFO; pypromice.pipeline.join_l2; TAS_A array loaded from L2_test/raw/TAS_A/TAS_A_hour.nc
2025-11-14 09:56:36,046; INFO; pypromice.pipeline.join_l2; TAS_A array loaded from L2_test/tx/TAS_A/TAS_A_hour.nc
2025-11-14 09:56:36,046; INFO; pypromice.pipeline.join_l2; Combining L2_test/raw/TAS_A/TAS_A_hour.nc with L2_test/tx/TAS_A/TAS_A_hour.nc...
2025-11-14 09:56:36,179; INFO; pypromice.io.write; Writing to files...
2025-11-14 09:56:38,102; INFO; pypromice.io.write; Written to L2_test/level_2/TAS_A/TAS_A_hour.csv
2025-11-14 09:56:38,103; INFO; pypromice.io.write; Written to L2_test/level_2/TAS_A/TAS_A_hour.nc
2025-11-14 09:56:38,103; INFO; pypromice.pipeline.join_l2; Files saved to L2_test/level_2/TAS_A...

 ======== test l2tol3 ========= 

2025-11-14 09:56:38,148; WARNING; root; data_issues_path is missing. Using default data issues path: ../PROMICE-AWS-data-issues
2025-11-14 09:56:40,562; INFO; pypromice.pipeline.L2toL3; processing gps_lat without relocation
2025-11-14 09:56:40,568; INFO; pypromice.pipeline.L2toL3; processing gps_lon without relocation
2025-11-14 09:56:40,573; INFO; pypromice.pipeline.L2toL3; processing gps_alt without relocation
2025-11-14 09:56:40,598; INFO; pypromice.core.qc.github_data_issues; Using file: ../PROMICE-AWS-data-issues/adjustments/TAS_A.csv
2025-11-14 09:56:40,623; INFO; pypromice.pipeline.L2toL3; Combining surface height
2025-11-14 09:56:40,623; INFO; pypromice.pipeline.L2toL3; -> ablation site
2025-11-14 09:56:41,135; INFO; pypromice.pipeline.L2toL3; surface height combination finished
2025-11-14 09:56:41,200; INFO; pypromice.pipeline.L2toL3; Calculating thermistor depth
2025-11-14 09:56:41,279; INFO; pypromice.pipeline.L2toL3; interpolating 10 m firn/ice temperature (on hourly values)
2025-11-14 09:56:52,033; INFO; pypromice.io.write; Resampling to 60min
2025-11-14 09:56:52,167; INFO; pypromice.io.write; Writing to files...
2025-11-14 09:56:54,533; INFO; pypromice.io.write; Written to L3_test/stations/TAS_A/TAS_A_hour.csv
2025-11-14 09:56:54,533; INFO; pypromice.io.write; Written to L3_test/stations/TAS_A/TAS_A_hour.nc
2025-11-14 09:56:54,659; INFO; pypromice.io.write; Resampling to 1D
2025-11-14 09:56:54,739; INFO; pypromice.io.write; Writing to files...
2025-11-14 09:56:54,887; INFO; pypromice.io.write; Written to L3_test/stations/TAS_A/TAS_A_day.csv
2025-11-14 09:56:54,887; INFO; pypromice.io.write; Written to L3_test/stations/TAS_A/TAS_A_day.nc
2025-11-14 09:56:55,012; INFO; pypromice.io.write; Resampling to MS
2025-11-14 09:56:55,089; INFO; pypromice.io.write; Writing to files...
2025-11-14 09:56:55,144; INFO; pypromice.io.write; Written to L3_test/stations/TAS_A/TAS_A_month.csv
2025-11-14 09:56:55,144; INFO; pypromice.io.write; Written to L3_test/stations/TAS_A/TAS_A_month.nc
