KAN_M

 ======== test get_l2 ========= 

2025-11-14 09:48:41,461; INFO; pypromice.io.ingest.l0; Detected L0 file type 'csv_default' for ../aws-l0/tx/KAN_M_300234061476520_1.txt
2025-11-14 09:48:41,619; INFO; pypromice.io.ingest.l0; L0 data successfully loaded from KAN_M_300234061476520_1.txt
2025-11-14 09:48:41,630; INFO; pypromice.io.ingest.l0; Detected L0 file type 'csv_default' for ../aws-l0/tx/KAN_M_300534063818810_2.txt
2025-11-14 09:48:41,679; INFO; pypromice.io.ingest.l0; L0 data successfully loaded from KAN_M_300534063818810_2.txt
2025-11-14 09:48:41,679; INFO; pypromice.io.ingest.l0; Detected L0 file type 'csv_default' for ../aws-l0/tx/KAN_M_300234061470510_3.txt
2025-11-14 09:48:41,704; INFO; pypromice.io.ingest.l0; L0 data successfully loaded from KAN_M_300234061470510_3.txt
2025-11-14 09:48:41,722; INFO; pypromice.pipeline.aws; Level 1 processing...
2025-11-14 09:48:41,869; WARNING; pypromice.pipeline.L0toL1; bedrock attribute is not set
2025-11-14 09:48:42,055; WARNING; pypromice.pipeline.L0toL1; bedrock attribute is not set
2025-11-14 09:48:42,210; WARNING; pypromice.pipeline.L0toL1; bedrock attribute is not set
2025-11-14 09:48:42,340; INFO; pypromice.pipeline.aws; Level 2 processing...
2025-11-14 09:48:42,341; INFO; pypromice.core.qc.github_data_issues; Using file: ../PROMICE-AWS-data-issues/adjustments/KAN_M.csv
2025-11-14 09:48:42,348; INFO; pypromice.core.qc.github_data_issues; Using file: ../PROMICE-AWS-data-issues/flags/KAN_M.csv
2025-11-14 09:48:42,407; INFO; pypromice.core.qc.github_data_issues; Using file: ../PROMICE-AWS-data-issues/adjustments/KAN_M.csv
2025-11-14 09:48:42,424; INFO; pypromice.core.qc.github_data_issues; ---> 2012-01-01 00:00:00 2016-01-01 00:00:00 rh_u min_filter 40.0
2025-11-14 09:48:42,425; INFO; pypromice.core.qc.github_data_issues; Time range does not intersect with dataset
2025-11-14 09:48:42,435; INFO; pypromice.core.qc.github_data_issues; could not adjust z_ice_surf not in dataset
2025-11-14 09:48:42,435; INFO; pypromice.core.qc.github_data_issues; could not adjust z_surf_2 not in dataset
2025-11-14 09:48:43,439; INFO; pypromice.io.write; Resampling to 60min
2025-11-14 09:48:43,509; INFO; pypromice.io.write; Writing to files...
2025-11-14 09:48:44,157; INFO; pypromice.io.write; Written to L2_test/tx/KAN_M/KAN_M_hour.csv
2025-11-14 09:48:44,157; INFO; pypromice.io.write; Written to L2_test/tx/KAN_M/KAN_M_hour.nc
2025-11-14 09:48:44,415; INFO; pypromice.io.ingest.l0; Detected L0 file type 'toa5' for ../aws-l0/raw/KAN_M/KAN_M_2009_raw.txt
2025-11-14 09:48:44,664; INFO; pypromice.io.ingest.l0; L0 data successfully loaded from KAN_M_2009_raw.txt
2025-11-14 09:48:44,669; INFO; pypromice.io.ingest.l0; Detected L0 file type 'toa5' for ../aws-l0/raw/KAN_M/KAN_M_2010_raw.txt
2025-11-14 09:48:44,846; INFO; pypromice.io.ingest.l0; Detected L0 file type 'toa5' for ../aws-l0/raw/KAN_M/KAN_M_2010_raw.txt
2025-11-14 09:48:45,198; INFO; pypromice.io.ingest.l0; L0 data successfully loaded from KAN_M_2010_raw.txt
2025-11-14 09:48:45,204; INFO; pypromice.io.ingest.l0; Detected L0 file type 'toa5' for ../aws-l0/raw/KAN_M/KAN_M_2011_raw.txt
2025-11-14 09:48:45,349; INFO; pypromice.io.ingest.l0; Detected L0 file type 'toa5' for ../aws-l0/raw/KAN_M/KAN_M_2011_raw.txt
2025-11-14 09:48:45,612; INFO; pypromice.io.ingest.l0; L0 data successfully loaded from KAN_M_2011_raw.txt
2025-11-14 09:48:45,619; INFO; pypromice.io.ingest.l0; Detected L0 file type 'toa5' for ../aws-l0/raw/KAN_M/KAN_M_2012_raw_modtilt.csv
2025-11-14 09:48:45,745; INFO; pypromice.io.ingest.l0; Detected L0 file type 'toa5' for ../aws-l0/raw/KAN_M/KAN_M_2012_raw_modtilt.csv
2025-11-14 09:48:46,042; INFO; pypromice.io.ingest.l0; L0 data successfully loaded from KAN_M_2012_raw_modtilt.csv
2025-11-14 09:48:46,048; INFO; pypromice.io.ingest.l0; Detected L0 file type 'toa5' for ../aws-l0/raw/KAN_M/KAN_M_2013_raw_modtilt.csv
2025-11-14 09:48:46,154; INFO; pypromice.io.ingest.l0; Detected L0 file type 'toa5' for ../aws-l0/raw/KAN_M/KAN_M_2013_raw_modtilt.csv
2025-11-14 09:48:46,405; INFO; pypromice.io.ingest.l0; L0 data successfully loaded from KAN_M_2013_raw_modtilt.csv
2025-11-14 09:48:46,449; INFO; pypromice.io.ingest.l0; Detected L0 file type 'toa5' for ../aws-l0/raw/KAN_M/KAN_M_2014_raw_modlots.csv
2025-11-14 09:48:46,552; INFO; pypromice.io.ingest.l0; Detected L0 file type 'toa5' for ../aws-l0/raw/KAN_M/KAN_M_2014_raw_modlots.csv
2025-11-14 09:48:46,733; INFO; pypromice.io.ingest.l0; L0 data successfully loaded from KAN_M_2014_raw_modlots.csv
2025-11-14 09:48:46,738; INFO; pypromice.io.ingest.l0; Detected L0 file type 'toa5' for ../aws-l0/raw/KAN_M/KAN_M_2015_raw_modtilt.csv
2025-11-14 09:48:46,875; INFO; pypromice.io.ingest.l0; Detected L0 file type 'toa5' for ../aws-l0/raw/KAN_M/KAN_M_2015_raw_modtilt.csv
2025-11-14 09:48:47,164; INFO; pypromice.io.ingest.l0; L0 data successfully loaded from KAN_M_2015_raw_modtilt.csv
2025-11-14 09:48:47,170; INFO; pypromice.io.ingest.l0; Detected L0 file type 'toa5' for ../aws-l0/raw/KAN_M/KAN_M_2018_raw.txt
2025-11-14 09:48:47,564; INFO; pypromice.io.ingest.l0; Detected L0 file type 'toa5' for ../aws-l0/raw/KAN_M/KAN_M_2018_raw.txt
2025-11-14 09:48:48,556; INFO; pypromice.io.ingest.l0; L0 data successfully loaded from KAN_M_2018_raw.txt
2025-11-14 09:48:48,564; INFO; pypromice.io.ingest.l0; Detected L0 file type 'toa5' for ../aws-l0/raw/KAN_M/KAN_M_2019_raw.txt
2025-11-14 09:48:48,690; INFO; pypromice.io.ingest.l0; Detected L0 file type 'toa5' for ../aws-l0/raw/KAN_M/KAN_M_2019_raw.txt
2025-11-14 09:48:48,968; INFO; pypromice.io.ingest.l0; L0 data successfully loaded from KAN_M_2019_raw.txt
2025-11-14 09:48:48,974; INFO; pypromice.io.ingest.l0; Detected L0 file type 'toa5' for ../aws-l0/raw/KAN_M/KAN_M_2020_raw.txt
2025-11-14 09:48:49,120; INFO; pypromice.io.ingest.l0; Detected L0 file type 'toa5' for ../aws-l0/raw/KAN_M/KAN_M_2020_raw.txt
2025-11-14 09:48:49,422; INFO; pypromice.io.ingest.l0; L0 data successfully loaded from KAN_M_2020_raw.txt
2025-11-14 09:48:49,430; INFO; pypromice.io.ingest.l0; Detected L0 file type 'toa5' for ../aws-l0/raw/KAN_M/KAN_M_2021_raw.txt
2025-11-14 09:48:49,570; INFO; pypromice.io.ingest.l0; Detected L0 file type 'toa5' for ../aws-l0/raw/KAN_M/KAN_M_2021_raw.txt
2025-11-14 09:48:49,814; INFO; pypromice.io.ingest.l0; L0 data successfully loaded from KAN_M_2021_raw.txt
2025-11-14 09:48:49,820; INFO; pypromice.io.ingest.l0; Detected L0 file type 'toa5' for ../aws-l0/raw/KAN_M/KAN_M_2022_raw.txt
2025-11-14 09:48:49,929; INFO; pypromice.io.ingest.l0; Detected L0 file type 'toa5' for ../aws-l0/raw/KAN_M/KAN_M_2022_raw.txt
2025-11-14 09:48:50,207; INFO; pypromice.io.ingest.l0; L0 data successfully loaded from KAN_M_2022_raw.txt
2025-11-14 09:48:50,213; INFO; pypromice.io.ingest.l0; Detected L0 file type 'toa5' for ../aws-l0/raw/KAN_M/KAN_M_2023_raw.txt
2025-11-14 09:48:50,309; INFO; pypromice.io.ingest.l0; Detected L0 file type 'toa5' for ../aws-l0/raw/KAN_M/KAN_M_2023_raw.txt
2025-11-14 09:48:50,558; INFO; pypromice.io.ingest.l0; L0 data successfully loaded from KAN_M_2023_raw.txt
2025-11-14 09:48:50,564; INFO; pypromice.io.ingest.l0; Detected L0 file type 'toa5' for ../aws-l0/raw/KAN_M/KAN_M_2024_raw.txt
2025-11-14 09:48:50,652; INFO; pypromice.io.ingest.l0; Detected L0 file type 'toa5' for ../aws-l0/raw/KAN_M/KAN_M_2024_raw.txt
2025-11-14 09:48:50,873; INFO; pypromice.io.ingest.l0; L0 data successfully loaded from KAN_M_2024_raw.txt
2025-11-14 09:48:50,879; INFO; pypromice.io.ingest.l0; Detected L0 file type 'toa5' for ../aws-l0/raw/KAN_M/KAN_M_2025_TableMem.dat
2025-11-14 09:48:51,012; INFO; pypromice.io.ingest.l0; Detected L0 file type 'toa5' for ../aws-l0/raw/KAN_M/KAN_M_2025_TableMem.dat
2025-11-14 09:48:51,292; INFO; pypromice.io.ingest.l0; L0 data successfully loaded from KAN_M_2025_TableMem.dat
2025-11-14 09:48:51,390; INFO; pypromice.pipeline.aws; Level 1 processing...
2025-11-14 09:48:51,516; WARNING; pypromice.pipeline.L0toL1; bedrock attribute is not set
2025-11-14 09:48:51,711; WARNING; pypromice.pipeline.L0toL1; bedrock attribute is not set
2025-11-14 09:48:51,712; INFO; pypromice.core.variables.pressure_transducer_depth; ERROR: Incorrect metadata: "pt_antifreeze" = 0. Antifreeze mix only supported at 50% or 100%
2025-11-14 09:48:51,900; WARNING; pypromice.pipeline.L0toL1; bedrock attribute is not set
2025-11-14 09:48:51,901; INFO; pypromice.core.variables.pressure_transducer_depth; ERROR: Incorrect metadata: "pt_antifreeze" = 0. Antifreeze mix only supported at 50% or 100%
2025-11-14 09:48:52,094; WARNING; pypromice.pipeline.L0toL1; bedrock attribute is not set
2025-11-14 09:48:52,095; INFO; pypromice.core.variables.pressure_transducer_depth; ERROR: Incorrect metadata: "pt_antifreeze" = 0. Antifreeze mix only supported at 50% or 100%
2025-11-14 09:48:52,286; WARNING; pypromice.pipeline.L0toL1; bedrock attribute is not set
2025-11-14 09:48:52,595; WARNING; pypromice.pipeline.L0toL1; bedrock attribute is not set
2025-11-14 09:48:53,008; WARNING; pypromice.pipeline.L0toL1; bedrock attribute is not set
2025-11-14 09:48:53,955; WARNING; pypromice.pipeline.L0toL1; bedrock attribute is not set
2025-11-14 09:48:54,373; WARNING; pypromice.pipeline.L0toL1; bedrock attribute is not set
2025-11-14 09:48:54,780; WARNING; pypromice.pipeline.L0toL1; bedrock attribute is not set
2025-11-14 09:48:55,146; WARNING; pypromice.pipeline.L0toL1; bedrock attribute is not set
2025-11-14 09:48:55,571; WARNING; pypromice.pipeline.L0toL1; bedrock attribute is not set
2025-11-14 09:48:55,765; WARNING; pypromice.pipeline.L0toL1; bedrock attribute is not set
2025-11-14 09:48:55,954; WARNING; pypromice.pipeline.L0toL1; bedrock attribute is not set
2025-11-14 09:48:56,143; WARNING; pypromice.pipeline.L0toL1; bedrock attribute is not set
2025-11-14 09:49:01,371; INFO; pypromice.pipeline.aws; Level 2 processing...
2025-11-14 09:49:01,413; INFO; pypromice.core.qc.github_data_issues; Using file: ../PROMICE-AWS-data-issues/adjustments/KAN_M.csv
2025-11-14 09:49:01,451; INFO; pypromice.core.qc.github_data_issues; Using file: ../PROMICE-AWS-data-issues/flags/KAN_M.csv
2025-11-14 09:49:01,637; INFO; pypromice.core.qc.github_data_issues; Using file: ../PROMICE-AWS-data-issues/adjustments/KAN_M.csv
2025-11-14 09:49:01,702; INFO; pypromice.core.qc.github_data_issues; could not adjust z_ice_surf not in dataset
2025-11-14 09:49:01,702; INFO; pypromice.core.qc.github_data_issues; could not adjust z_surf_2 not in dataset
2025-11-14 09:49:09,701; INFO; pypromice.io.write; Resampling to 10min
2025-11-14 09:49:10,332; INFO; pypromice.io.write; Writing to files...
2025-11-14 09:49:32,510; INFO; pypromice.io.write; Written to L2_test/raw/KAN_M/KAN_M_10min.csv
2025-11-14 09:49:32,511; INFO; pypromice.io.write; Written to L2_test/raw/KAN_M/KAN_M_10min.nc
2025-11-14 09:49:34,322; INFO; pypromice.io.write; Resampling to 60min
2025-11-14 09:49:34,469; INFO; pypromice.io.write; Writing to files...
2025-11-14 09:49:38,321; INFO; pypromice.io.write; Written to L2_test/raw/KAN_M/KAN_M_hour.csv
2025-11-14 09:49:38,321; INFO; pypromice.io.write; Written to L2_test/raw/KAN_M/KAN_M_hour.nc

 ======== test join_l2 ========= 

2025-11-14 09:49:38,512; INFO; pypromice.pipeline.join_l2; KAN_M array loaded from L2_test/raw/KAN_M/KAN_M_hour.nc
2025-11-14 09:49:38,545; INFO; pypromice.pipeline.join_l2; KAN_M array loaded from L2_test/tx/KAN_M/KAN_M_hour.nc
2025-11-14 09:49:38,545; INFO; pypromice.pipeline.join_l2; Combining L2_test/raw/KAN_M/KAN_M_hour.nc with L2_test/tx/KAN_M/KAN_M_hour.nc...
2025-11-14 09:49:38,744; INFO; pypromice.io.write; Writing to files...
2025-11-14 09:49:42,881; INFO; pypromice.io.write; Written to L2_test/level_2/KAN_M/KAN_M_hour.csv
2025-11-14 09:49:42,881; INFO; pypromice.io.write; Written to L2_test/level_2/KAN_M/KAN_M_hour.nc
2025-11-14 09:49:42,881; INFO; pypromice.pipeline.join_l2; Files saved to L2_test/level_2/KAN_M...

 ======== test l2tol3 ========= 

2025-11-14 09:49:42,925; WARNING; root; data_issues_path is missing. Using default data issues path: ../PROMICE-AWS-data-issues
2025-11-14 09:49:46,721; INFO; pypromice.pipeline.L2toL3; processing gps_lat with relocation on 2014-08-03T11:00:00
2025-11-14 09:49:46,732; INFO; pypromice.pipeline.L2toL3; processing gps_lon with relocation on 2014-08-03T11:00:00
2025-11-14 09:49:46,741; INFO; pypromice.pipeline.L2toL3; processing gps_alt with relocation on 2014-08-03T11:00:00
2025-11-14 09:49:46,772; INFO; pypromice.core.qc.github_data_issues; Using file: ../PROMICE-AWS-data-issues/adjustments/KAN_M.csv
2025-11-14 09:49:46,794; INFO; pypromice.pipeline.L2toL3; Combining surface height
2025-11-14 09:49:46,794; INFO; pypromice.pipeline.L2toL3; -> ablation site
/home/bav/pypromice/src/pypromice/pipeline/L2toL3.py:636: RuntimeWarning: Mean of empty slice
  if ~np.isnan(np.nanmean(hs2.iloc[(ind_end[i]-24*7):(ind_end[i]+24*30)])):
/home/bav/pypromice/src/pypromice/pipeline/L2toL3.py:636: RuntimeWarning: Mean of empty slice
  if ~np.isnan(np.nanmean(hs2.iloc[(ind_end[i]-24*7):(ind_end[i]+24*30)])):
2025-11-14 09:49:47,646; INFO; pypromice.pipeline.L2toL3; surface height combination finished
2025-11-14 09:49:47,732; INFO; pypromice.pipeline.L2toL3; Calculating thermistor depth
2025-11-14 09:49:47,868; INFO; pypromice.pipeline.L2toL3; interpolating 10 m firn/ice temperature (on hourly values)
2025-11-14 09:49:58,313; INFO; pypromice.io.write; Resampling to 60min
2025-11-14 09:49:58,492; INFO; pypromice.io.write; Writing to files...
2025-11-14 09:50:02,675; INFO; pypromice.io.write; Written to L3_test/stations/KAN_M/KAN_M_hour.csv
2025-11-14 09:50:02,675; INFO; pypromice.io.write; Written to L3_test/stations/KAN_M/KAN_M_hour.nc
2025-11-14 09:50:02,879; INFO; pypromice.io.write; Resampling to 1D
2025-11-14 09:50:02,959; INFO; pypromice.io.write; Writing to files...
2025-11-14 09:50:03,186; INFO; pypromice.io.write; Written to L3_test/stations/KAN_M/KAN_M_day.csv
2025-11-14 09:50:03,186; INFO; pypromice.io.write; Written to L3_test/stations/KAN_M/KAN_M_day.nc
2025-11-14 09:50:03,385; INFO; pypromice.io.write; Resampling to MS
2025-11-14 09:50:03,464; INFO; pypromice.io.write; Writing to files...
2025-11-14 09:50:03,528; INFO; pypromice.io.write; Written to L3_test/stations/KAN_M/KAN_M_month.csv
2025-11-14 09:50:03,528; INFO; pypromice.io.write; Written to L3_test/stations/KAN_M/KAN_M_month.nc
