EGP

 ======== test get_l2 ========= 

2025-11-14 09:46:20,400; INFO; pypromice.io.ingest.l0; Detected L0 file type 'csv_default' for ../aws-l0/tx/EGP_300234061627590_1.txt
2025-11-14 09:46:20,448; INFO; pypromice.io.ingest.l0; L0 data successfully loaded from EGP_300234061627590_1.txt
2025-11-14 09:46:20,454; INFO; pypromice.io.ingest.l0; Detected L0 file type 'csv_default' for ../aws-l0/tx/EGP_300534060529220_2.txt
2025-11-14 09:46:20,475; INFO; pypromice.io.ingest.l0; Detected L0 file type 'csv_default' for ../aws-l0/tx/EGP_300534060529220_2.txt
2025-11-14 09:46:20,537; INFO; pypromice.io.ingest.l0; L0 data successfully loaded from EGP_300534060529220_2.txt
2025-11-14 09:46:20,537; INFO; pypromice.io.ingest.l0; Detected L0 file type 'csv_default' for ../aws-l0/tx/EGP_300234065151610_3.txt
2025-11-14 09:46:20,586; INFO; pypromice.io.ingest.l0; L0 data successfully loaded from EGP_300234065151610_3.txt
2025-11-14 09:46:20,605; INFO; pypromice.pipeline.aws; Level 1 processing...
2025-11-14 09:46:20,835; WARNING; pypromice.pipeline.L0toL1; bedrock attribute is not set
2025-11-14 09:46:21,109; WARNING; pypromice.pipeline.L0toL1; bedrock attribute is not set
2025-11-14 09:46:21,331; WARNING; pypromice.pipeline.L0toL1; bedrock attribute is not set
2025-11-14 09:46:21,497; INFO; pypromice.pipeline.aws; Level 2 processing...
2025-11-14 09:46:21,502; INFO; pypromice.core.qc.github_data_issues; Using file: ../PROMICE-AWS-data-issues/adjustments/EGP.csv
2025-11-14 09:46:21,511; INFO; pypromice.core.qc.github_data_issues; Using file: ../PROMICE-AWS-data-issues/flags/EGP.csv
2025-11-14 09:46:21,547; INFO; pypromice.core.qc.github_data_issues; Using file: ../PROMICE-AWS-data-issues/adjustments/EGP.csv
2025-11-14 09:46:21,586; INFO; pypromice.core.qc.github_data_issues; ---> 2019-08-04 00:00:00 2019-11-13 00:00:00 z_boom_cor_u max_filter 2.6
2025-11-14 09:46:21,586; INFO; pypromice.core.qc.github_data_issues; Time range does not intersect with dataset
2025-11-14 09:46:21,587; INFO; pypromice.core.qc.github_data_issues; ---> 2019-11-13 00:00:00 2020-09-01 00:00:00 z_boom_cor_u max_filter 2.33
2025-11-14 09:46:21,587; INFO; pypromice.core.qc.github_data_issues; Time range does not intersect with dataset
2025-11-14 09:46:21,588; INFO; pypromice.core.qc.github_data_issues; ---> 2020-09-01 00:00:00 2021-03-06 00:00:00 z_boom_cor_u max_filter 1.93
2025-11-14 09:46:21,589; INFO; pypromice.core.qc.github_data_issues; Time range does not intersect with dataset
2025-11-14 09:46:21,590; INFO; pypromice.core.qc.github_data_issues; ---> 2021-03-06 00:00:00 2021-04-26 00:00:00 z_boom_cor_u max_filter 1.7
2025-11-14 09:46:21,590; INFO; pypromice.core.qc.github_data_issues; Time range does not intersect with dataset
2025-11-14 09:46:21,591; INFO; pypromice.core.qc.github_data_issues; ---> None 2023-06-21 00:00:00 z_boom_cor_u max_filter 2.8
2025-11-14 09:46:21,591; INFO; pypromice.core.qc.github_data_issues; Time range does not intersect with dataset
2025-11-14 09:46:21,592; INFO; pypromice.core.qc.github_data_issues; ---> None 2016-06-15 00:00:00 z_boom_cor_u min_filter 2.575
2025-11-14 09:46:21,592; INFO; pypromice.core.qc.github_data_issues; Time range does not intersect with dataset
2025-11-14 09:46:21,592; INFO; pypromice.core.qc.github_data_issues; could not adjust z_surf_1 not in dataset
2025-11-14 09:46:21,592; INFO; pypromice.core.qc.github_data_issues; could not adjust z_surf_2 not in dataset
2025-11-14 09:46:22,090; WARNING; pypromice.pipeline.resample; Dropping column 'msg_i' because it is of type 'object' and contains unique values: [nan -0.0 '-0.0' '-0.02025-06-16 12:00:00']
2025-11-14 09:46:22,373; INFO; pypromice.io.write; Resampling to 60min
2025-11-14 09:46:22,463; INFO; pypromice.io.write; Writing to files...
2025-11-14 09:46:23,086; INFO; pypromice.io.write; Written to L2_test/tx/EGP/EGP_hour.csv
2025-11-14 09:46:23,086; INFO; pypromice.io.write; Written to L2_test/tx/EGP/EGP_hour.nc
2025-11-14 09:46:23,881; INFO; pypromice.io.ingest.l0; Detected L0 file type 'csv_default' for ../aws-l0/raw/EGP/EGP_2016_raw.txt
2025-11-14 09:46:23,911; INFO; pypromice.io.ingest.l0; Detected L0 file type 'csv_default' for ../aws-l0/raw/EGP/EGP_2016_raw.txt
2025-11-14 09:46:23,984; INFO; pypromice.io.ingest.l0; L0 data successfully loaded from EGP_2016_raw.txt
2025-11-14 09:46:24,404; INFO; pypromice.io.ingest.l0; Detected L0 file type 'toa5' for ../aws-l0/raw/EGP/EGP_2017_raw_SlimTableMem.txt
2025-11-14 09:46:24,421; INFO; pypromice.io.ingest.l0; Detected L0 file type 'toa5' for ../aws-l0/raw/EGP/EGP_2017_raw_SlimTableMem.txt
2025-11-14 09:46:24,475; INFO; pypromice.io.ingest.l0; L0 data successfully loaded from EGP_2017_raw_SlimTableMem.txt
2025-11-14 09:46:25,230; INFO; pypromice.io.ingest.l0; Detected L0 file type 'toa5' for ../aws-l0/raw/EGP/EGP_2017_raw_2.txt
2025-11-14 09:46:25,272; INFO; pypromice.io.ingest.l0; Detected L0 file type 'toa5' for ../aws-l0/raw/EGP/EGP_2017_raw_2.txt
2025-11-14 09:46:25,368; INFO; pypromice.io.ingest.l0; L0 data successfully loaded from EGP_2017_raw_2.txt
2025-11-14 09:46:25,379; INFO; pypromice.io.ingest.l0; Detected L0 file type 'toa5' for ../aws-l0/raw/EGP/EGP_2018_raw.txt
2025-11-14 09:46:25,557; INFO; pypromice.io.ingest.l0; Detected L0 file type 'toa5' for ../aws-l0/raw/EGP/EGP_2018_raw.txt
2025-11-14 09:46:25,843; INFO; pypromice.io.ingest.l0; L0 data successfully loaded from EGP_2018_raw.txt
2025-11-14 09:46:26,437; INFO; pypromice.io.ingest.l0; Detected L0 file type 'toa5' for ../aws-l0/raw/EGP/EGP_2018_raw_2.txt
2025-11-14 09:46:26,469; INFO; pypromice.io.ingest.l0; Detected L0 file type 'toa5' for ../aws-l0/raw/EGP/EGP_2018_raw_2.txt
2025-11-14 09:46:26,540; INFO; pypromice.io.ingest.l0; L0 data successfully loaded from EGP_2018_raw_2.txt
2025-11-14 09:46:26,548; INFO; pypromice.io.ingest.l0; Detected L0 file type 'toa5' for ../aws-l0/raw/EGP/EGP_2019_raw.txt
2025-11-14 09:46:26,690; INFO; pypromice.io.ingest.l0; Detected L0 file type 'toa5' for ../aws-l0/raw/EGP/EGP_2019_raw.txt
2025-11-14 09:46:26,954; INFO; pypromice.io.ingest.l0; L0 data successfully loaded from EGP_2019_raw.txt
2025-11-14 09:46:27,474; INFO; pypromice.io.ingest.l0; Detected L0 file type 'toa5' for ../aws-l0/raw/EGP/EGP_2019_raw1.txt
2025-11-14 09:46:27,492; INFO; pypromice.io.ingest.l0; Detected L0 file type 'toa5' for ../aws-l0/raw/EGP/EGP_2019_raw1.txt
2025-11-14 09:46:27,548; INFO; pypromice.io.ingest.l0; L0 data successfully loaded from EGP_2019_raw1.txt
2025-11-14 09:46:27,558; INFO; pypromice.io.ingest.l0; Detected L0 file type 'toa5' for ../aws-l0/raw/EGP/EGP_2021_raw.txt
2025-11-14 09:46:27,976; INFO; pypromice.io.ingest.l0; Detected L0 file type 'toa5' for ../aws-l0/raw/EGP/EGP_2021_raw.txt
2025-11-14 09:46:28,963; INFO; pypromice.io.ingest.l0; L0 data successfully loaded from EGP_2021_raw.txt
2025-11-14 09:46:28,971; INFO; pypromice.io.ingest.l0; Detected L0 file type 'toa5' for ../aws-l0/raw/EGP/EGP_2023_raw.txt
2025-11-14 09:46:29,275; INFO; pypromice.io.ingest.l0; Detected L0 file type 'toa5' for ../aws-l0/raw/EGP/EGP_2023_raw.txt
2025-11-14 09:46:29,898; INFO; pypromice.io.ingest.l0; L0 data successfully loaded from EGP_2023_raw.txt
2025-11-14 09:46:29,905; INFO; pypromice.io.ingest.l0; Detected L0 file type 'toa5' for ../aws-l0/raw/EGP/EGP_2024_raw.txt
2025-11-14 09:46:30,006; INFO; pypromice.io.ingest.l0; Detected L0 file type 'toa5' for ../aws-l0/raw/EGP/EGP_2024_raw.txt
2025-11-14 09:46:30,242; INFO; pypromice.io.ingest.l0; L0 data successfully loaded from EGP_2024_raw.txt
2025-11-14 09:46:30,249; INFO; pypromice.io.ingest.l0; Detected L0 file type 'toa5' for ../aws-l0/raw/EGP/EGP_2025_DataTable10min.dat
2025-11-14 09:46:30,371; INFO; pypromice.io.ingest.l0; Detected L0 file type 'toa5' for ../aws-l0/raw/EGP/EGP_2025_DataTable10min.dat
2025-11-14 09:46:30,596; INFO; pypromice.io.ingest.l0; L0 data successfully loaded from EGP_2025_DataTable10min.dat
2025-11-14 09:46:30,651; INFO; pypromice.pipeline.aws; Level 1 processing...
2025-11-14 09:46:30,811; WARNING; pypromice.pipeline.L0toL1; bedrock attribute is not set
2025-11-14 09:46:31,012; WARNING; pypromice.pipeline.L0toL1; bedrock attribute is not set
2025-11-14 09:46:31,216; WARNING; pypromice.pipeline.L0toL1; bedrock attribute is not set
2025-11-14 09:46:31,614; WARNING; pypromice.pipeline.L0toL1; bedrock attribute is not set
2025-11-14 09:46:31,811; WARNING; pypromice.pipeline.L0toL1; bedrock attribute is not set
2025-11-14 09:46:32,205; WARNING; pypromice.pipeline.L0toL1; bedrock attribute is not set
2025-11-14 09:46:32,431; WARNING; pypromice.pipeline.L0toL1; bedrock attribute is not set
2025-11-14 09:46:33,131; WARNING; pypromice.pipeline.L0toL1; bedrock attribute is not set
2025-11-14 09:46:33,887; WARNING; pypromice.pipeline.L0toL1; bedrock attribute is not set
2025-11-14 09:46:34,302; WARNING; pypromice.pipeline.L0toL1; bedrock attribute is not set
2025-11-14 09:46:34,549; WARNING; pypromice.pipeline.L0toL1; bedrock attribute is not set
2025-11-14 09:46:36,851; INFO; pypromice.pipeline.aws; Level 2 processing...
2025-11-14 09:46:36,873; INFO; pypromice.core.qc.github_data_issues; Using file: ../PROMICE-AWS-data-issues/adjustments/EGP.csv
2025-11-14 09:46:36,897; INFO; pypromice.core.qc.github_data_issues; Using file: ../PROMICE-AWS-data-issues/flags/EGP.csv
2025-11-14 09:46:36,967; INFO; pypromice.core.qc.github_data_issues; Using file: ../PROMICE-AWS-data-issues/adjustments/EGP.csv
2025-11-14 09:46:37,021; INFO; pypromice.core.qc.github_data_issues; could not adjust z_surf_1 not in dataset
2025-11-14 09:46:37,021; INFO; pypromice.core.qc.github_data_issues; could not adjust z_surf_2 not in dataset
2025-11-14 09:46:42,990; INFO; pypromice.io.write; Resampling to 10min
2025-11-14 09:46:43,432; INFO; pypromice.io.write; Writing to files...
2025-11-14 09:46:55,269; INFO; pypromice.io.write; Written to L2_test/raw/EGP/EGP_10min.csv
2025-11-14 09:46:55,269; INFO; pypromice.io.write; Written to L2_test/raw/EGP/EGP_10min.nc
2025-11-14 09:46:56,532; INFO; pypromice.io.write; Resampling to 60min
2025-11-14 09:46:56,678; INFO; pypromice.io.write; Writing to files...
2025-11-14 09:46:58,981; INFO; pypromice.io.write; Written to L2_test/raw/EGP/EGP_hour.csv
2025-11-14 09:46:58,981; INFO; pypromice.io.write; Written to L2_test/raw/EGP/EGP_hour.nc

 ======== test join_l2 ========= 

2025-11-14 09:46:59,133; INFO; pypromice.pipeline.join_l2; EGP array loaded from L2_test/raw/EGP/EGP_hour.nc
2025-11-14 09:46:59,169; INFO; pypromice.pipeline.join_l2; EGP array loaded from L2_test/tx/EGP/EGP_hour.nc
2025-11-14 09:46:59,169; INFO; pypromice.pipeline.join_l2; Combining L2_test/raw/EGP/EGP_hour.nc with L2_test/tx/EGP/EGP_hour.nc...
2025-11-14 09:46:59,356; INFO; pypromice.io.write; Writing to files...
2025-11-14 09:47:01,729; INFO; pypromice.io.write; Written to L2_test/level_2/EGP/EGP_hour.csv
2025-11-14 09:47:01,729; INFO; pypromice.io.write; Written to L2_test/level_2/EGP/EGP_hour.nc
2025-11-14 09:47:01,729; INFO; pypromice.pipeline.join_l2; Files saved to L2_test/level_2/EGP...

 ======== test l2tol3 ========= 

2025-11-14 09:47:01,792; WARNING; root; data_issues_path is missing. Using default data issues path: ../PROMICE-AWS-data-issues
2025-11-14 09:47:06,581; INFO; pypromice.pipeline.L2toL3; processing gps_lat with relocation on 2017-05-17T00:00:00, 2018-05-31T00:00:00, 2019-06-01T00:00:00, 2023-06-22T00:00:00
2025-11-14 09:47:06,594; INFO; pypromice.pipeline.L2toL3; processing gps_lon with relocation on 2017-05-17T00:00:00, 2018-05-31T00:00:00, 2019-06-01T00:00:00, 2023-06-22T00:00:00
2025-11-14 09:47:06,604; INFO; pypromice.pipeline.L2toL3; processing gps_alt with relocation on 2017-05-17T00:00:00, 2018-05-31T00:00:00, 2019-06-01T00:00:00, 2023-06-22T00:00:00
2025-11-14 09:47:06,643; INFO; pypromice.core.qc.github_data_issues; Using file: ../PROMICE-AWS-data-issues/adjustments/EGP.csv
2025-11-14 09:47:06,670; INFO; pypromice.pipeline.L2toL3; Combining surface height
2025-11-14 09:47:06,670; INFO; pypromice.pipeline.L2toL3; -> did not find z_ice_surf
2025-11-14 09:47:06,671; INFO; pypromice.pipeline.L2toL3; -> no z_pt or accumulation site: averaging z_surf_1 and z_surf_2
2025-11-14 09:47:06,792; INFO; pypromice.pipeline.L2toL3; Calculating thermistor depth
2025-11-14 09:47:06,793; ERROR; pypromice.pipeline.L2toL3; Error processing surface height at EGP
2025-11-14 09:47:06,793; ERROR; root; time data "2019-05-31" doesn't match format "%Y-%m-%d ", at position 1. You might want to try:
    - passing `format` if your strings have a consistent format;
    - passing `format='ISO8601'` if your strings are all ISO8601 but not necessarily in exactly the same format;
    - passing `format='mixed'`, and the format will be inferred for each element individually. You might want to use `dayfirst` alongside this.
Traceback (most recent call last):
  File "/home/bav/pypromice/src/pypromice/pipeline/L2toL3.py", line 130, in toL3
    ds = process_surface_height(ds, data_adjustments_dir, station_config)
         ^^^^^^^^^^^^^^^^^^^^^^^^^^^^^^^^^^^^^^^^^^^^^^^^^^^^^^^^^^^^^^^^
  File "/home/bav/pypromice/src/pypromice/pipeline/L2toL3.py", line 317, in process_surface_height
    df_out = get_thermistor_depth(
             ^^^^^^^^^^^^^^^^^^^^^
  File "/home/bav/pypromice/src/pypromice/pipeline/L2toL3.py", line 831, in get_thermistor_depth
    maintenance_string["date"] = pd.to_datetime(maintenance_string["date"])
                                 ^^^^^^^^^^^^^^^^^^^^^^^^^^^^^^^^^^^^^^^^^^
  File "/home/bav/miniforge3/lib/python3.12/site-packages/pandas/core/tools/datetimes.py", line 1067, in to_datetime
    values = convert_listlike(arg._values, format)
             ^^^^^^^^^^^^^^^^^^^^^^^^^^^^^^^^^^^^^
  File "/home/bav/miniforge3/lib/python3.12/site-packages/pandas/core/tools/datetimes.py", line 433, in _convert_listlike_datetimes
    return _array_strptime_with_fallback(arg, name, utc, format, exact, errors)
           ^^^^^^^^^^^^^^^^^^^^^^^^^^^^^^^^^^^^^^^^^^^^^^^^^^^^^^^^^^^^^^^^^^^^
  File "/home/bav/miniforge3/lib/python3.12/site-packages/pandas/core/tools/datetimes.py", line 467, in _array_strptime_with_fallback
    result, tz_out = array_strptime(arg, fmt, exact=exact, errors=errors, utc=utc)
                     ^^^^^^^^^^^^^^^^^^^^^^^^^^^^^^^^^^^^^^^^^^^^^^^^^^^^^^^^^^^^^
  File "strptime.pyx", line 501, in pandas._libs.tslibs.strptime.array_strptime
  File "strptime.pyx", line 451, in pandas._libs.tslibs.strptime.array_strptime
  File "strptime.pyx", line 583, in pandas._libs.tslibs.strptime._parse_with_format
ValueError: time data "2019-05-31" doesn't match format "%Y-%m-%d ", at position 1. You might want to try:
    - passing `format` if your strings have a consistent format;
    - passing `format='ISO8601'` if your strings are all ISO8601 but not necessarily in exactly the same format;
    - passing `format='mixed'`, and the format will be inferred for each element individually. You might want to use `dayfirst` alongside this.
2025-11-14 09:47:07,461; INFO; pypromice.io.write; Resampling to 60min
2025-11-14 09:47:07,607; INFO; pypromice.io.write; Writing to files...
2025-11-14 09:47:09,832; INFO; pypromice.io.write; Written to L3_test/stations/EGP/EGP_hour.csv
2025-11-14 09:47:09,832; INFO; pypromice.io.write; Written to L3_test/stations/EGP/EGP_hour.nc
2025-11-14 09:47:10,012; INFO; pypromice.io.write; Resampling to 1D
2025-11-14 09:47:10,105; INFO; pypromice.io.write; Writing to files...
2025-11-14 09:47:10,254; INFO; pypromice.io.write; Written to L3_test/stations/EGP/EGP_day.csv
2025-11-14 09:47:10,255; INFO; pypromice.io.write; Written to L3_test/stations/EGP/EGP_day.nc
2025-11-14 09:47:10,413; INFO; pypromice.io.write; Resampling to MS
2025-11-14 09:47:10,501; INFO; pypromice.io.write; Writing to files...
2025-11-14 09:47:10,563; INFO; pypromice.io.write; Written to L3_test/stations/EGP/EGP_month.csv
2025-11-14 09:47:10,564; INFO; pypromice.io.write; Written to L3_test/stations/EGP/EGP_month.nc
