QAS_Lv3

 ======== test get_l2 ========= 

2025-11-14 09:53:43,129; INFO; pypromice.io.ingest.l0; Detected L0 file type 'csv_default' for ../aws-l0/tx/QAS_Lv3_300534063815540_1-F.txt
2025-11-14 09:53:43,231; INFO; pypromice.io.ingest.l0; L0 data successfully loaded from QAS_Lv3_300534063815540_1-F.txt
2025-11-14 09:53:43,240; INFO; pypromice.io.ingest.l0; Detected L0 file type 'csv_default' for ../aws-l0/tx/QAS_Lv3_300534063815540_1.txt
2025-11-14 09:53:43,262; INFO; pypromice.io.ingest.l0; L0 data successfully loaded from QAS_Lv3_300534063815540_1.txt
2025-11-14 09:53:43,267; INFO; pypromice.io.ingest.l0; Detected L0 file type 'csv_default' for ../aws-l0/tx/QAS_Lv3_300534063815540_2.txt
2025-11-14 09:53:43,292; INFO; pypromice.io.ingest.l0; L0 data successfully loaded from QAS_Lv3_300534063815540_2.txt
2025-11-14 09:53:43,300; INFO; pypromice.io.ingest.l0; Detected L0 file type 'csv_default' for ../aws-l0/tx/QAS_Lv3_300534063815540_4.txt
2025-11-14 09:53:43,393; INFO; pypromice.io.ingest.l0; L0 data successfully loaded from QAS_Lv3_300534063815540_4.txt
2025-11-14 09:53:43,402; INFO; pypromice.io.ingest.l0; Detected L0 file type 'csv_default' for ../aws-l0/tx/QAS_Lv3_300534063815540_5.txt
2025-11-14 09:53:43,462; INFO; pypromice.io.ingest.l0; L0 data successfully loaded from QAS_Lv3_300534063815540_5.txt
2025-11-14 09:53:43,463; INFO; pypromice.io.ingest.l0; Detected L0 file type 'csv_default' for ../aws-l0/tx/QAS_Lv3_300234061627590_6.txt
2025-11-14 09:53:43,499; INFO; pypromice.io.ingest.l0; L0 data successfully loaded from QAS_Lv3_300234061627590_6.txt
2025-11-14 09:53:43,527; INFO; pypromice.pipeline.aws; Level 1 processing...
2025-11-14 09:53:43,660; WARNING; pypromice.pipeline.L0toL1; bedrock attribute is not set
2025-11-14 09:53:43,661; INFO; pypromice.core.variables.pressure_transducer_depth; ERROR: Incorrect metadata: "pt_antifreeze" = 1. Antifreeze mix only supported at 50% or 100%
2025-11-14 09:53:43,867; WARNING; pypromice.pipeline.L0toL1; bedrock attribute is not set
2025-11-14 09:53:43,868; INFO; pypromice.core.variables.pressure_transducer_depth; ERROR: Incorrect metadata: "pt_antifreeze" = 1. Antifreeze mix only supported at 50% or 100%
2025-11-14 09:53:44,079; WARNING; pypromice.pipeline.L0toL1; bedrock attribute is not set
2025-11-14 09:53:44,080; INFO; pypromice.core.variables.pressure_transducer_depth; ERROR: Incorrect metadata: "pt_antifreeze" = 1. Antifreeze mix only supported at 50% or 100%
2025-11-14 09:53:44,250; WARNING; pypromice.pipeline.L0toL1; bedrock attribute is not set
2025-11-14 09:53:44,250; INFO; pypromice.core.variables.pressure_transducer_depth; ERROR: Incorrect metadata: "pt_antifreeze" = 1. Antifreeze mix only supported at 50% or 100%
2025-11-14 09:53:44,433; WARNING; pypromice.pipeline.L0toL1; bedrock attribute is not set
2025-11-14 09:53:44,588; WARNING; pypromice.pipeline.L0toL1; bedrock attribute is not set
2025-11-14 09:53:44,791; INFO; pypromice.pipeline.aws; Level 2 processing...
2025-11-14 09:53:44,793; INFO; pypromice.core.qc.github_data_issues; Using file: ../PROMICE-AWS-data-issues/adjustments/QAS_Lv3.csv
2025-11-14 09:53:44,797; INFO; pypromice.core.qc.github_data_issues; Using file: ../PROMICE-AWS-data-issues/flags/QAS_Lv3.csv
2025-11-14 09:53:44,844; INFO; pypromice.core.qc.github_data_issues; Using file: ../PROMICE-AWS-data-issues/adjustments/QAS_Lv3.csv
2025-11-14 09:53:44,854; INFO; pypromice.core.qc.github_data_issues; could not adjust z_surf_2 not in dataset
2025-11-14 09:53:45,432; INFO; pypromice.io.write; Resampling to 60min
2025-11-14 09:53:45,507; INFO; pypromice.io.write; Writing to files...
2025-11-14 09:53:46,301; INFO; pypromice.io.write; Written to L2_test/tx/QAS_Lv3/QAS_Lv3_hour.csv
2025-11-14 09:53:46,301; INFO; pypromice.io.write; Written to L2_test/tx/QAS_Lv3/QAS_Lv3_hour.nc
2025-11-14 09:53:46,505; INFO; pypromice.io.ingest.l0; Detected L0 file type 'toa5' for ../aws-l0/raw/QAS_Lv3/QAS_Lv3_2024_raw.txt
2025-11-14 09:53:46,590; INFO; pypromice.io.ingest.l0; Detected L0 file type 'toa5' for ../aws-l0/raw/QAS_Lv3/QAS_Lv3_2024_raw.txt
2025-11-14 09:53:46,760; INFO; pypromice.io.ingest.l0; L0 data successfully loaded from QAS_Lv3_2024_raw.txt
2025-11-14 09:53:46,764; INFO; pypromice.io.ingest.l0; Detected L0 file type 'toa5' for ../aws-l0/raw/QAS_Lv3/QAS_Lv3_2025_DataTable10min.dat
2025-11-14 09:53:46,867; INFO; pypromice.io.ingest.l0; Detected L0 file type 'toa5' for ../aws-l0/raw/QAS_Lv3/QAS_Lv3_2025_DataTable10min.dat
2025-11-14 09:53:47,066; INFO; pypromice.io.ingest.l0; L0 data successfully loaded from QAS_Lv3_2025_DataTable10min.dat
2025-11-14 09:53:47,077; INFO; pypromice.pipeline.aws; Level 1 processing...
2025-11-14 09:53:47,191; WARNING; pypromice.pipeline.L0toL1; bedrock attribute is not set
2025-11-14 09:53:47,192; INFO; pypromice.core.variables.pressure_transducer_depth; ERROR: Incorrect metadata: "pt_antifreeze" = 1. Antifreeze mix only supported at 50% or 100%
2025-11-14 09:53:47,370; WARNING; pypromice.pipeline.L0toL1; bedrock attribute is not set
2025-11-14 09:53:47,550; INFO; pypromice.pipeline.aws; Level 2 processing...
2025-11-14 09:53:47,553; INFO; pypromice.core.qc.github_data_issues; Using file: ../PROMICE-AWS-data-issues/adjustments/QAS_Lv3.csv
2025-11-14 09:53:47,559; INFO; pypromice.core.qc.github_data_issues; Using file: ../PROMICE-AWS-data-issues/flags/QAS_Lv3.csv
2025-11-14 09:53:47,598; INFO; pypromice.core.qc.github_data_issues; Using file: ../PROMICE-AWS-data-issues/adjustments/QAS_Lv3.csv
2025-11-14 09:53:47,611; INFO; pypromice.core.qc.github_data_issues; ---> None 2023-03-01 00:00:00 z_boom_cor_u min_filter 2.4
2025-11-14 09:53:47,611; INFO; pypromice.core.qc.github_data_issues; Time range does not intersect with dataset
2025-11-14 09:53:47,614; INFO; pypromice.core.qc.github_data_issues; ---> 2023-08-01 00:00:00 2023-09-01 14:00:00 z_stake_cor max_filter 6.65
2025-11-14 09:53:47,614; INFO; pypromice.core.qc.github_data_issues; Time range does not intersect with dataset
2025-11-14 09:53:47,614; INFO; pypromice.core.qc.github_data_issues; could not adjust z_surf_2 not in dataset
2025-11-14 09:53:48,538; INFO; pypromice.io.write; Resampling to 10min
2025-11-14 09:53:48,647; INFO; pypromice.io.write; Writing to files...
2025-11-14 09:53:51,017; INFO; pypromice.io.write; Written to L2_test/raw/QAS_Lv3/QAS_Lv3_10min.csv
2025-11-14 09:53:51,017; INFO; pypromice.io.write; Written to L2_test/raw/QAS_Lv3/QAS_Lv3_10min.nc
2025-11-14 09:53:51,313; INFO; pypromice.io.write; Resampling to 60min
2025-11-14 09:53:51,379; INFO; pypromice.io.write; Writing to files...
2025-11-14 09:53:51,919; INFO; pypromice.io.write; Written to L2_test/raw/QAS_Lv3/QAS_Lv3_hour.csv
2025-11-14 09:53:51,919; INFO; pypromice.io.write; Written to L2_test/raw/QAS_Lv3/QAS_Lv3_hour.nc

 ======== test join_l2 ========= 

2025-11-14 09:53:52,058; INFO; pypromice.pipeline.join_l2; QAS_Lv3 array loaded from L2_test/raw/QAS_Lv3/QAS_Lv3_hour.nc
2025-11-14 09:53:52,087; INFO; pypromice.pipeline.join_l2; QAS_Lv3 array loaded from L2_test/tx/QAS_Lv3/QAS_Lv3_hour.nc
2025-11-14 09:53:52,088; INFO; pypromice.pipeline.join_l2; Combining L2_test/raw/QAS_Lv3/QAS_Lv3_hour.nc with L2_test/tx/QAS_Lv3/QAS_Lv3_hour.nc...
2025-11-14 09:53:52,183; INFO; pypromice.io.write; Writing to files...
2025-11-14 09:53:52,971; INFO; pypromice.io.write; Written to L2_test/level_2/QAS_Lv3/QAS_Lv3_hour.csv
2025-11-14 09:53:52,971; INFO; pypromice.io.write; Written to L2_test/level_2/QAS_Lv3/QAS_Lv3_hour.nc
2025-11-14 09:53:52,971; INFO; pypromice.pipeline.join_l2; Files saved to L2_test/level_2/QAS_Lv3...

 ======== test l2tol3 ========= 

2025-11-14 09:53:53,018; WARNING; root; data_issues_path is missing. Using default data issues path: ../PROMICE-AWS-data-issues
2025-11-14 09:53:54,189; INFO; pypromice.pipeline.L2toL3; processing gps_lat without relocation
2025-11-14 09:53:54,193; INFO; pypromice.pipeline.L2toL3; processing gps_lon without relocation
2025-11-14 09:53:54,197; INFO; pypromice.pipeline.L2toL3; processing gps_alt without relocation
2025-11-14 09:53:54,215; INFO; pypromice.core.qc.github_data_issues; Using file: ../PROMICE-AWS-data-issues/adjustments/QAS_Lv3.csv
2025-11-14 09:53:54,223; INFO; pypromice.pipeline.L2toL3; Combining surface height
2025-11-14 09:53:54,224; INFO; pypromice.pipeline.L2toL3; -> ablation site
2025-11-14 09:53:54,350; INFO; pypromice.pipeline.L2toL3; surface height combination finished
2025-11-14 09:53:54,381; INFO; pypromice.pipeline.L2toL3; Calculating thermistor depth
2025-11-14 09:53:54,402; INFO; pypromice.pipeline.L2toL3; interpolating 10 m firn/ice temperature (on hourly values)
2025-11-14 09:53:55,115; INFO; pypromice.io.write; Resampling to 60min
2025-11-14 09:53:55,212; INFO; pypromice.io.write; Writing to files...
2025-11-14 09:53:56,081; INFO; pypromice.io.write; Written to L3_test/stations/QAS_Lv3/QAS_Lv3_hour.csv
2025-11-14 09:53:56,081; INFO; pypromice.io.write; Written to L3_test/stations/QAS_Lv3/QAS_Lv3_hour.nc
2025-11-14 09:53:56,191; INFO; pypromice.io.write; Resampling to 1D
2025-11-14 09:53:56,270; INFO; pypromice.io.write; Writing to files...
2025-11-14 09:53:56,379; INFO; pypromice.io.write; Written to L3_test/stations/QAS_Lv3/QAS_Lv3_day.csv
2025-11-14 09:53:56,379; INFO; pypromice.io.write; Written to L3_test/stations/QAS_Lv3/QAS_Lv3_day.nc
2025-11-14 09:53:56,460; INFO; pypromice.io.write; Resampling to MS
2025-11-14 09:53:56,537; INFO; pypromice.io.write; Writing to files...
2025-11-14 09:53:56,596; INFO; pypromice.io.write; Written to L3_test/stations/QAS_Lv3/QAS_Lv3_month.csv
2025-11-14 09:53:56,596; INFO; pypromice.io.write; Written to L3_test/stations/QAS_Lv3/QAS_Lv3_month.nc
