NUK_P

 ======== test get_l2 ========= 

2025-11-14 09:52:35,316; INFO; pypromice.io.ingest.l0; Detected L0 file type 'csv_default' for ../aws-l0/tx/NUK_P_300534063814740_1.txt
2025-11-14 09:52:35,370; INFO; pypromice.io.ingest.l0; L0 data successfully loaded from NUK_P_300534063814740_1.txt
2025-11-14 09:52:35,377; INFO; pypromice.pipeline.aws; Level 1 processing...
2025-11-14 09:52:35,526; WARNING; pypromice.pipeline.L0toL1; bedrock attribute is not set
2025-11-14 09:52:35,528; INFO; pypromice.core.variables.pressure_transducer_depth; ERROR: Incorrect metadata: "pt_antifreeze" = 0. Antifreeze mix only supported at 50% or 100%
2025-11-14 09:52:35,697; INFO; pypromice.pipeline.aws; Level 2 processing...
2025-11-14 09:52:35,698; INFO; pypromice.core.qc.github_data_issues; Using file: ../PROMICE-AWS-data-issues/adjustments/NUK_P.csv
2025-11-14 09:52:35,699; INFO; pypromice.core.qc.github_data_issues; No ../PROMICE-AWS-data-issues/adjustments/NUK_P.csv file to read.
2025-11-14 09:52:35,700; INFO; pypromice.core.qc.github_data_issues; Using file: ../PROMICE-AWS-data-issues/flags/NUK_P.csv
2025-11-14 09:52:35,701; INFO; pypromice.core.qc.github_data_issues; No ../PROMICE-AWS-data-issues/flags/NUK_P.csv file to read.
2025-11-14 09:52:35,701; INFO; pypromice.core.qc.github_data_issues; Using file: ../PROMICE-AWS-data-issues/adjustments/NUK_P.csv
2025-11-14 09:52:35,701; INFO; pypromice.core.qc.github_data_issues; No ../PROMICE-AWS-data-issues/adjustments/NUK_P.csv file to read.
2025-11-14 09:52:36,127; INFO; pypromice.io.write; Resampling to 60min
2025-11-14 09:52:36,196; INFO; pypromice.io.write; Writing to files...
2025-11-14 09:52:36,401; INFO; pypromice.io.write; Written to L2_test/tx/NUK_P/NUK_P_hour.csv
2025-11-14 09:52:36,401; INFO; pypromice.io.write; Written to L2_test/tx/NUK_P/NUK_P_hour.nc

 ======== test join_l2 ========= 

2025-11-14 09:52:36,556; INFO; pypromice.pipeline.join_l2; NUK_P array loaded from L2_test/tx/NUK_P/NUK_P_hour.nc
2025-11-14 09:52:36,557; INFO; pypromice.pipeline.join_l2; Only one file found L2_test/tx/NUK_P/NUK_P_hour.nc...
2025-11-14 09:52:36,621; INFO; pypromice.io.write; Writing to files...
2025-11-14 09:52:36,758; INFO; pypromice.io.write; Written to L2_test/level_2/NUK_P/NUK_P_hour.csv
2025-11-14 09:52:36,758; INFO; pypromice.io.write; Written to L2_test/level_2/NUK_P/NUK_P_hour.nc
2025-11-14 09:52:36,758; INFO; pypromice.pipeline.join_l2; Files saved to L2_test/level_2/NUK_P...

 ======== test l2tol3 ========= 

2025-11-14 09:52:36,795; WARNING; root; data_issues_path is missing. Using default data issues path: ../PROMICE-AWS-data-issues
2025-11-14 09:52:37,124; INFO; pypromice.pipeline.L2toL3; processing gps_lat without relocation
2025-11-14 09:52:37,127; INFO; pypromice.pipeline.L2toL3; processing gps_lon without relocation
2025-11-14 09:52:37,129; INFO; pypromice.pipeline.L2toL3; processing gps_alt without relocation
2025-11-14 09:52:37,140; INFO; pypromice.core.qc.github_data_issues; Using file: ../PROMICE-AWS-data-issues/adjustments/NUK_P.csv
2025-11-14 09:52:37,140; INFO; pypromice.core.qc.github_data_issues; No ../PROMICE-AWS-data-issues/adjustments/NUK_P.csv file to read.
2025-11-14 09:52:37,141; INFO; pypromice.pipeline.L2toL3; Combining surface height
2025-11-14 09:52:37,141; INFO; pypromice.pipeline.L2toL3; -> did not find z_ice_surf
2025-11-14 09:52:37,141; INFO; pypromice.pipeline.L2toL3; -> no z_pt or accumulation site: averaging z_surf_1 and z_surf_2
2025-11-14 09:52:37,230; INFO; pypromice.io.write; Resampling to 60min
2025-11-14 09:52:37,300; INFO; pypromice.io.write; Writing to files...
2025-11-14 09:52:37,441; INFO; pypromice.io.write; Written to L3_test/stations/NUK_P/NUK_P_hour.csv
2025-11-14 09:52:37,442; INFO; pypromice.io.write; Written to L3_test/stations/NUK_P/NUK_P_hour.nc
2025-11-14 09:52:37,480; INFO; pypromice.io.write; Resampling to 1D
2025-11-14 09:52:37,549; INFO; pypromice.io.write; Writing to files...
2025-11-14 09:52:37,610; INFO; pypromice.io.write; Written to L3_test/stations/NUK_P/NUK_P_day.csv
2025-11-14 09:52:37,610; INFO; pypromice.io.write; Written to L3_test/stations/NUK_P/NUK_P_day.nc
2025-11-14 09:52:37,646; INFO; pypromice.io.write; Resampling to MS
2025-11-14 09:52:37,714; INFO; pypromice.io.write; Writing to files...
2025-11-14 09:52:37,764; INFO; pypromice.io.write; Written to L3_test/stations/NUK_P/NUK_P_month.csv
2025-11-14 09:52:37,764; INFO; pypromice.io.write; Written to L3_test/stations/NUK_P/NUK_P_month.nc
