QAS_Uv3

 ======== test get_l2 ========= 

2025-11-14 09:53:43,473; INFO; pypromice.io.ingest.l0; Detected L0 file type 'csv_default' for ../aws-l0/tx/QAS_Uv3_300234010621950_1.txt
2025-11-14 09:53:43,609; INFO; pypromice.io.ingest.l0; L0 data successfully loaded from QAS_Uv3_300234010621950_1.txt
2025-11-14 09:53:43,627; INFO; pypromice.io.ingest.l0; Detected L0 file type 'csv_default' for ../aws-l0/tx/QAS_Uv3_300234010621950_2.txt
2025-11-14 09:53:43,753; INFO; pypromice.io.ingest.l0; L0 data successfully loaded from QAS_Uv3_300234010621950_2.txt
2025-11-14 09:53:43,754; INFO; pypromice.io.ingest.l0; Detected L0 file type 'csv_default' for ../aws-l0/tx/QAS_Uv3_300234010621950_3.txt
2025-11-14 09:53:43,799; INFO; pypromice.io.ingest.l0; L0 data successfully loaded from QAS_Uv3_300234010621950_3.txt
2025-11-14 09:53:43,816; INFO; pypromice.pipeline.aws; Level 1 processing...
2025-11-14 09:53:43,982; WARNING; pypromice.pipeline.L0toL1; bedrock attribute is not set
2025-11-14 09:53:44,170; WARNING; pypromice.pipeline.L0toL1; bedrock attribute is not set
2025-11-14 09:53:44,346; WARNING; pypromice.pipeline.L0toL1; bedrock attribute is not set
2025-11-14 09:53:44,488; INFO; pypromice.pipeline.aws; Level 2 processing...
2025-11-14 09:53:44,490; INFO; pypromice.core.qc.github_data_issues; Using file: ../PROMICE-AWS-data-issues/adjustments/QAS_Uv3.csv
2025-11-14 09:53:44,493; INFO; pypromice.core.qc.github_data_issues; Using file: ../PROMICE-AWS-data-issues/flags/QAS_Uv3.csv
2025-11-14 09:53:44,575; INFO; pypromice.core.qc.github_data_issues; Using file: ../PROMICE-AWS-data-issues/adjustments/QAS_Uv3.csv
2025-11-14 09:53:44,603; INFO; pypromice.core.qc.github_data_issues; ---> 2022-01-21 00:00:00 2022-03-21 00:00:00 z_stake_cor max_filter 2.5
2025-11-14 09:53:44,603; INFO; pypromice.core.qc.github_data_issues; Time range does not intersect with dataset
2025-11-14 09:53:44,603; INFO; pypromice.core.qc.github_data_issues; could not adjust z_surf_1 not in dataset
2025-11-14 09:53:44,603; INFO; pypromice.core.qc.github_data_issues; could not adjust z_surf_2 not in dataset
2025-11-14 09:53:45,155; INFO; pypromice.io.write; Resampling to 60min
2025-11-14 09:53:45,230; INFO; pypromice.io.write; Writing to files...
2025-11-14 09:53:45,914; INFO; pypromice.io.write; Written to L2_test/tx/QAS_Uv3/QAS_Uv3_hour.csv
2025-11-14 09:53:45,914; INFO; pypromice.io.write; Written to L2_test/tx/QAS_Uv3/QAS_Uv3_hour.nc
2025-11-14 09:53:46,144; INFO; pypromice.io.ingest.l0; Detected L0 file type 'csv_default' for ../aws-l0/raw/QAS_Uv3/QAS_Uv3_2022_raw_transmitted.txt
2025-11-14 09:53:46,169; INFO; pypromice.io.ingest.l0; Detected L0 file type 'csv_default' for ../aws-l0/raw/QAS_Uv3/QAS_Uv3_2022_raw_transmitted.txt
2025-11-14 09:53:46,233; INFO; pypromice.io.ingest.l0; L0 data successfully loaded from QAS_Uv3_2022_raw_transmitted.txt
2025-11-14 09:53:46,240; INFO; pypromice.io.ingest.l0; Detected L0 file type 'toa5' for ../aws-l0/raw/QAS_Uv3/QAS_Uv3_2023_raw.txt
2025-11-14 09:53:46,349; INFO; pypromice.io.ingest.l0; Detected L0 file type 'toa5' for ../aws-l0/raw/QAS_Uv3/QAS_Uv3_2023_raw.txt
2025-11-14 09:53:46,587; INFO; pypromice.io.ingest.l0; L0 data successfully loaded from QAS_Uv3_2023_raw.txt
2025-11-14 09:53:46,594; INFO; pypromice.io.ingest.l0; Detected L0 file type 'toa5' for ../aws-l0/raw/QAS_Uv3/QAS_Uv3_2024_raw.txt
2025-11-14 09:53:46,699; INFO; pypromice.io.ingest.l0; Detected L0 file type 'toa5' for ../aws-l0/raw/QAS_Uv3/QAS_Uv3_2024_raw.txt
2025-11-14 09:53:46,947; INFO; pypromice.io.ingest.l0; L0 data successfully loaded from QAS_Uv3_2024_raw.txt
2025-11-14 09:53:46,951; INFO; pypromice.io.ingest.l0; Detected L0 file type 'toa5' for ../aws-l0/raw/QAS_Uv3/QAS_Uv3_2025_DataTable10min.dat
2025-11-14 09:53:47,055; INFO; pypromice.io.ingest.l0; Detected L0 file type 'toa5' for ../aws-l0/raw/QAS_Uv3/QAS_Uv3_2025_DataTable10min.dat
2025-11-14 09:53:47,260; INFO; pypromice.io.ingest.l0; L0 data successfully loaded from QAS_Uv3_2025_DataTable10min.dat
2025-11-14 09:53:47,278; INFO; pypromice.pipeline.aws; Level 1 processing...
2025-11-14 09:53:47,359; WARNING; pypromice.pipeline.L0toL1; bedrock attribute is not set
2025-11-14 09:53:47,548; WARNING; pypromice.pipeline.L0toL1; bedrock attribute is not set
2025-11-14 09:53:47,733; WARNING; pypromice.pipeline.L0toL1; bedrock attribute is not set
2025-11-14 09:53:47,917; WARNING; pypromice.pipeline.L0toL1; bedrock attribute is not set
2025-11-14 09:53:48,329; INFO; pypromice.pipeline.aws; Level 2 processing...
2025-11-14 09:53:48,335; INFO; pypromice.core.qc.github_data_issues; Using file: ../PROMICE-AWS-data-issues/adjustments/QAS_Uv3.csv
2025-11-14 09:53:48,343; INFO; pypromice.core.qc.github_data_issues; Using file: ../PROMICE-AWS-data-issues/flags/QAS_Uv3.csv
2025-11-14 09:53:48,449; INFO; pypromice.core.qc.github_data_issues; Using file: ../PROMICE-AWS-data-issues/adjustments/QAS_Uv3.csv
2025-11-14 09:53:48,476; INFO; pypromice.core.qc.github_data_issues; could not adjust z_surf_1 not in dataset
2025-11-14 09:53:48,476; INFO; pypromice.core.qc.github_data_issues; could not adjust z_surf_2 not in dataset
2025-11-14 09:53:50,190; INFO; pypromice.io.write; Resampling to 10min
2025-11-14 09:53:50,431; INFO; pypromice.io.write; Writing to files...
2025-11-14 09:53:54,057; INFO; pypromice.io.write; Written to L2_test/raw/QAS_Uv3/QAS_Uv3_10min.csv
2025-11-14 09:53:54,058; INFO; pypromice.io.write; Written to L2_test/raw/QAS_Uv3/QAS_Uv3_10min.nc
2025-11-14 09:53:54,585; INFO; pypromice.io.write; Resampling to 60min
2025-11-14 09:53:54,668; INFO; pypromice.io.write; Writing to files...
2025-11-14 09:53:55,671; INFO; pypromice.io.write; Written to L2_test/raw/QAS_Uv3/QAS_Uv3_hour.csv
2025-11-14 09:53:55,671; INFO; pypromice.io.write; Written to L2_test/raw/QAS_Uv3/QAS_Uv3_hour.nc

 ======== test join_l2 ========= 

2025-11-14 09:53:55,800; INFO; pypromice.pipeline.join_l2; QAS_Uv3 array loaded from L2_test/raw/QAS_Uv3/QAS_Uv3_hour.nc
2025-11-14 09:53:55,832; INFO; pypromice.pipeline.join_l2; QAS_Uv3 array loaded from L2_test/tx/QAS_Uv3/QAS_Uv3_hour.nc
2025-11-14 09:53:55,832; INFO; pypromice.pipeline.join_l2; Combining L2_test/raw/QAS_Uv3/QAS_Uv3_hour.nc with L2_test/tx/QAS_Uv3/QAS_Uv3_hour.nc...
2025-11-14 09:53:55,949; INFO; pypromice.io.write; Writing to files...
2025-11-14 09:53:56,992; INFO; pypromice.io.write; Written to L2_test/level_2/QAS_Uv3/QAS_Uv3_hour.csv
2025-11-14 09:53:56,992; INFO; pypromice.io.write; Written to L2_test/level_2/QAS_Uv3/QAS_Uv3_hour.nc
2025-11-14 09:53:56,992; INFO; pypromice.pipeline.join_l2; Files saved to L2_test/level_2/QAS_Uv3...

 ======== test l2tol3 ========= 

2025-11-14 09:53:57,029; WARNING; root; data_issues_path is missing. Using default data issues path: ../PROMICE-AWS-data-issues
2025-11-14 09:53:58,872; INFO; pypromice.pipeline.L2toL3; processing gps_lat with relocation on 2022-09-01T00:00:00
2025-11-14 09:53:58,880; INFO; pypromice.pipeline.L2toL3; processing gps_lon with relocation on 2022-09-01T00:00:00
2025-11-14 09:53:58,886; INFO; pypromice.pipeline.L2toL3; processing gps_alt with relocation on 2022-09-01T00:00:00
2025-11-14 09:53:58,908; INFO; pypromice.core.qc.github_data_issues; Using file: ../PROMICE-AWS-data-issues/adjustments/QAS_Uv3.csv
2025-11-14 09:53:58,927; INFO; pypromice.pipeline.L2toL3; Combining surface height
2025-11-14 09:53:58,927; INFO; pypromice.pipeline.L2toL3; -> ablation site
2025-11-14 09:53:59,197; INFO; pypromice.pipeline.L2toL3; surface height combination finished
2025-11-14 09:53:59,236; INFO; pypromice.pipeline.L2toL3; Calculating thermistor depth
2025-11-14 09:53:59,280; INFO; pypromice.pipeline.L2toL3; interpolating 10 m firn/ice temperature (on hourly values)
2025-11-14 09:54:00,978; INFO; pypromice.io.write; Resampling to 60min
2025-11-14 09:54:01,091; INFO; pypromice.io.write; Writing to files...
2025-11-14 09:54:02,552; INFO; pypromice.io.write; Written to L3_test/stations/QAS_Uv3/QAS_Uv3_hour.csv
2025-11-14 09:54:02,553; INFO; pypromice.io.write; Written to L3_test/stations/QAS_Uv3/QAS_Uv3_hour.nc
2025-11-14 09:54:02,642; INFO; pypromice.io.write; Resampling to 1D
2025-11-14 09:54:02,724; INFO; pypromice.io.write; Writing to files...
2025-11-14 09:54:02,829; INFO; pypromice.io.write; Written to L3_test/stations/QAS_Uv3/QAS_Uv3_day.csv
2025-11-14 09:54:02,829; INFO; pypromice.io.write; Written to L3_test/stations/QAS_Uv3/QAS_Uv3_day.nc
2025-11-14 09:54:02,918; INFO; pypromice.io.write; Resampling to MS
2025-11-14 09:54:02,999; INFO; pypromice.io.write; Writing to files...
2025-11-14 09:54:03,070; INFO; pypromice.io.write; Written to L3_test/stations/QAS_Uv3/QAS_Uv3_month.csv
2025-11-14 09:54:03,070; INFO; pypromice.io.write; Written to L3_test/stations/QAS_Uv3/QAS_Uv3_month.nc
