TAS_L

 ======== test get_l2 ========= 

2025-11-14 09:56:57,348; INFO; pypromice.io.ingest.l0; Detected L0 file type 'csv_default' for ../aws-l0/tx/TAS_L_300234010884770_1.txt
2025-11-14 09:56:57,439; INFO; pypromice.io.ingest.l0; L0 data successfully loaded from TAS_L_300234010884770_1.txt
2025-11-14 09:56:57,440; INFO; pypromice.io.ingest.l0; Detected L0 file type 'csv_default' for ../aws-l0/tx/TAS_L_300234061293280_2.txt
2025-11-14 09:56:57,466; INFO; pypromice.io.ingest.l0; L0 data successfully loaded from TAS_L_300234061293280_2.txt
2025-11-14 09:56:57,479; INFO; pypromice.pipeline.aws; Level 1 processing...
2025-11-14 09:56:57,643; WARNING; pypromice.pipeline.L0toL1; bedrock attribute is not set
2025-11-14 09:56:57,845; WARNING; pypromice.pipeline.L0toL1; bedrock attribute is not set
2025-11-14 09:56:57,959; INFO; pypromice.pipeline.aws; Level 2 processing...
2025-11-14 09:56:57,960; INFO; pypromice.core.qc.github_data_issues; Using file: ../PROMICE-AWS-data-issues/adjustments/TAS_L.csv
2025-11-14 09:56:57,963; INFO; pypromice.core.qc.github_data_issues; Using file: ../PROMICE-AWS-data-issues/flags/TAS_L.csv
2025-11-14 09:56:58,084; INFO; pypromice.core.qc.github_data_issues; Using file: ../PROMICE-AWS-data-issues/adjustments/TAS_L.csv
2025-11-14 09:56:58,111; INFO; pypromice.core.qc.github_data_issues; could not adjust z_ice_surf not in dataset
2025-11-14 09:56:58,114; INFO; pypromice.core.qc.github_data_issues; ---> 2024-09-07 12:00:00 2024-09-09 12:00:00 z_pt_cor add 0.6
2025-11-14 09:56:58,114; INFO; pypromice.core.qc.github_data_issues; Time range does not intersect with dataset
2025-11-14 09:56:58,118; INFO; pypromice.core.qc.github_data_issues; ---> 2011-08-15 00:00:00 2012-05-01 00:00:00 z_stake_cor max_filter 2.0
2025-11-14 09:56:58,118; INFO; pypromice.core.qc.github_data_issues; Time range does not intersect with dataset
2025-11-14 09:56:58,119; INFO; pypromice.core.qc.github_data_issues; ---> 2012-09-05 00:00:00 2013-06-01 00:00:00 z_stake_cor max_filter 1.0
2025-11-14 09:56:58,119; INFO; pypromice.core.qc.github_data_issues; Time range does not intersect with dataset
2025-11-14 09:56:58,120; INFO; pypromice.core.qc.github_data_issues; ---> 2013-08-27 00:00:00 2014-05-01 00:00:00 z_stake_cor max_filter 1.0
2025-11-14 09:56:58,120; INFO; pypromice.core.qc.github_data_issues; Time range does not intersect with dataset
2025-11-14 09:56:58,121; INFO; pypromice.core.qc.github_data_issues; ---> None 2011-01-01 00:00:00 z_stake_cor max_filter 2.0
2025-11-14 09:56:58,121; INFO; pypromice.core.qc.github_data_issues; Time range does not intersect with dataset
2025-11-14 09:56:58,121; INFO; pypromice.core.qc.github_data_issues; could not adjust z_surf_2 not in dataset
2025-11-14 09:56:58,604; INFO; pypromice.io.write; Resampling to 60min
2025-11-14 09:56:58,671; INFO; pypromice.io.write; Writing to files...
2025-11-14 09:56:59,281; INFO; pypromice.io.write; Written to L2_test/tx/TAS_L/TAS_L_hour.csv
2025-11-14 09:56:59,281; INFO; pypromice.io.write; Written to L2_test/tx/TAS_L/TAS_L_hour.nc
2025-11-14 09:56:59,482; INFO; pypromice.io.ingest.l0; Detected L0 file type 'csv_v1' for ../aws-l0/raw/TAS_L/TAS_L_2008_raw.txt
2025-11-14 09:56:59,836; INFO; pypromice.io.ingest.l0; Detected L0 file type 'csv_v1' for ../aws-l0/raw/TAS_L/TAS_L_2008_raw.txt
2025-11-14 09:56:59,935; INFO; pypromice.io.ingest.l0; L0 data successfully loaded from TAS_L_2008_raw.txt
2025-11-14 09:56:59,936; INFO; pypromice.io.ingest.l0; Detected L0 file type 'csv_v1' for ../aws-l0/raw/TAS_L/TAS_L_2009_raw.txt
2025-11-14 09:57:00,440; INFO; pypromice.io.ingest.l0; Detected L0 file type 'csv_v1' for ../aws-l0/raw/TAS_L/TAS_L_2009_raw.txt
2025-11-14 09:57:00,566; INFO; pypromice.io.ingest.l0; L0 data successfully loaded from TAS_L_2009_raw.txt
2025-11-14 09:57:00,572; INFO; pypromice.io.ingest.l0; Detected L0 file type 'toa5' for ../aws-l0/raw/TAS_L/TAS_L_2010_1_raw.txt
2025-11-14 09:57:00,725; INFO; pypromice.io.ingest.l0; Detected L0 file type 'toa5' for ../aws-l0/raw/TAS_L/TAS_L_2010_1_raw.txt
2025-11-14 09:57:01,009; INFO; pypromice.io.ingest.l0; L0 data successfully loaded from TAS_L_2010_1_raw.txt
2025-11-14 09:57:01,327; INFO; pypromice.io.ingest.l0; Detected L0 file type 'toa5' for ../aws-l0/raw/TAS_L/TAS_L_2010_2_raw.txt
2025-11-14 09:57:01,349; INFO; pypromice.io.ingest.l0; Detected L0 file type 'toa5' for ../aws-l0/raw/TAS_L/TAS_L_2010_2_raw.txt
2025-11-14 09:57:01,431; INFO; pypromice.io.ingest.l0; L0 data successfully loaded from TAS_L_2010_2_raw.txt
2025-11-14 09:57:01,441; INFO; pypromice.io.ingest.l0; Detected L0 file type 'toa5' for ../aws-l0/raw/TAS_L/TAS_L_2011_1_raw.txt
2025-11-14 09:57:01,574; INFO; pypromice.io.ingest.l0; Detected L0 file type 'toa5' for ../aws-l0/raw/TAS_L/TAS_L_2011_1_raw.txt
2025-11-14 09:57:01,751; INFO; pypromice.io.ingest.l0; L0 data successfully loaded from TAS_L_2011_1_raw.txt
2025-11-14 09:57:02,121; INFO; pypromice.io.ingest.l0; Detected L0 file type 'toa5' for ../aws-l0/raw/TAS_L/TAS_L_2011_2_raw.txt
2025-11-14 09:57:02,138; INFO; pypromice.io.ingest.l0; Detected L0 file type 'toa5' for ../aws-l0/raw/TAS_L/TAS_L_2011_2_raw.txt
2025-11-14 09:57:02,185; INFO; pypromice.io.ingest.l0; L0 data successfully loaded from TAS_L_2011_2_raw.txt
2025-11-14 09:57:02,730; INFO; pypromice.io.ingest.l0; Detected L0 file type 'toa5' for ../aws-l0/raw/TAS_L/TAS_L_2012_1_raw.txt
2025-11-14 09:57:02,762; INFO; pypromice.io.ingest.l0; Detected L0 file type 'toa5' for ../aws-l0/raw/TAS_L/TAS_L_2012_1_raw.txt
2025-11-14 09:57:02,825; INFO; pypromice.io.ingest.l0; L0 data successfully loaded from TAS_L_2012_1_raw.txt
2025-11-14 09:57:03,650; INFO; pypromice.io.ingest.l0; Detected L0 file type 'toa5' for ../aws-l0/raw/TAS_L/TAS_L_2012_2_raw.txt
2025-11-14 09:57:03,717; INFO; pypromice.io.ingest.l0; Detected L0 file type 'toa5' for ../aws-l0/raw/TAS_L/TAS_L_2012_2_raw.txt
2025-11-14 09:57:03,873; INFO; pypromice.io.ingest.l0; L0 data successfully loaded from TAS_L_2012_2_raw.txt
2025-11-14 09:57:03,881; INFO; pypromice.io.ingest.l0; Detected L0 file type 'toa5' for ../aws-l0/raw/TAS_L/TAS_L_2013_raw.txt
2025-11-14 09:57:04,037; INFO; pypromice.io.ingest.l0; Detected L0 file type 'toa5' for ../aws-l0/raw/TAS_L/TAS_L_2013_raw.txt
2025-11-14 09:57:04,373; INFO; pypromice.io.ingest.l0; L0 data successfully loaded from TAS_L_2013_raw.txt
2025-11-14 09:57:04,382; INFO; pypromice.io.ingest.l0; Detected L0 file type 'toa5' for ../aws-l0/raw/TAS_L/TAS_L_2014_raw.txt
2025-11-14 09:57:04,602; INFO; pypromice.io.ingest.l0; Detected L0 file type 'toa5' for ../aws-l0/raw/TAS_L/TAS_L_2014_raw.txt
2025-11-14 09:57:04,922; INFO; pypromice.io.ingest.l0; L0 data successfully loaded from TAS_L_2014_raw.txt
2025-11-14 09:57:05,559; INFO; pypromice.io.ingest.l0; Detected L0 file type 'toa5' for ../aws-l0/raw/TAS_L/TAS_L_2016_raw_SlimTableMem.txt
2025-11-14 09:57:05,585; INFO; pypromice.io.ingest.l0; Detected L0 file type 'toa5' for ../aws-l0/raw/TAS_L/TAS_L_2016_raw_SlimTableMem.txt
2025-11-14 09:57:05,651; INFO; pypromice.io.ingest.l0; L0 data successfully loaded from TAS_L_2016_raw_SlimTableMem.txt
2025-11-14 09:57:05,685; INFO; pypromice.io.ingest.l0; Detected L0 file type 'toa5' for ../aws-l0/raw/TAS_L/TAS_L_2016_raw_1.txt
2025-11-14 09:57:05,716; INFO; pypromice.io.ingest.l0; Detected L0 file type 'toa5' for ../aws-l0/raw/TAS_L/TAS_L_2016_raw_1.txt
2025-11-14 09:57:05,739; INFO; pypromice.io.ingest.l0; L0 data successfully loaded from TAS_L_2016_raw_1.txt
2025-11-14 09:57:06,563; INFO; pypromice.io.ingest.l0; Detected L0 file type 'toa5' for ../aws-l0/raw/TAS_L/TAS_L_2018_raw_SlimTableMem.txt
2025-11-14 09:57:06,619; INFO; pypromice.io.ingest.l0; Detected L0 file type 'toa5' for ../aws-l0/raw/TAS_L/TAS_L_2018_raw_SlimTableMem.txt
2025-11-14 09:57:06,764; INFO; pypromice.io.ingest.l0; L0 data successfully loaded from TAS_L_2018_raw_SlimTableMem.txt
2025-11-14 09:57:07,347; INFO; pypromice.io.ingest.l0; Detected L0 file type 'toa5' for ../aws-l0/raw/TAS_L/TAS_L_2020_raw_SlimTableMem.txt
2025-11-14 09:57:07,372; INFO; pypromice.io.ingest.l0; Detected L0 file type 'toa5' for ../aws-l0/raw/TAS_L/TAS_L_2020_raw_SlimTableMem.txt
2025-11-14 09:57:07,425; INFO; pypromice.io.ingest.l0; L0 data successfully loaded from TAS_L_2020_raw_SlimTableMem.txt
2025-11-14 09:57:07,970; INFO; pypromice.io.ingest.l0; Detected L0 file type 'toa5' for ../aws-l0/raw/TAS_L/TAS_L_2021_raw_SlimTableMem.txt
2025-11-14 09:57:07,995; INFO; pypromice.io.ingest.l0; Detected L0 file type 'toa5' for ../aws-l0/raw/TAS_L/TAS_L_2021_raw_SlimTableMem.txt
2025-11-14 09:57:08,062; INFO; pypromice.io.ingest.l0; L0 data successfully loaded from TAS_L_2021_raw_SlimTableMem.txt
2025-11-14 09:57:08,069; INFO; pypromice.io.ingest.l0; Detected L0 file type 'csv_default' for ../aws-l0/raw/TAS_L/TAS_L_2021_raw_transmitted1.txt
2025-11-14 09:57:08,098; INFO; pypromice.io.ingest.l0; L0 data successfully loaded from TAS_L_2021_raw_transmitted1.txt
2025-11-14 09:57:08,105; INFO; pypromice.io.ingest.l0; Detected L0 file type 'toa5' for ../aws-l0/raw/TAS_L/TAS_L_2023_raw.txt
2025-11-14 09:57:08,246; INFO; pypromice.io.ingest.l0; Detected L0 file type 'toa5' for ../aws-l0/raw/TAS_L/TAS_L_2023_raw.txt
2025-11-14 09:57:08,524; INFO; pypromice.io.ingest.l0; L0 data successfully loaded from TAS_L_2023_raw.txt
2025-11-14 09:57:09,092; INFO; pypromice.io.ingest.l0; Detected L0 file type 'toa5' for ../aws-l0/raw/TAS_L/TAS_L_2024_SlimTableMem.txt
2025-11-14 09:57:09,115; INFO; pypromice.io.ingest.l0; Detected L0 file type 'toa5' for ../aws-l0/raw/TAS_L/TAS_L_2024_SlimTableMem.txt
2025-11-14 09:57:09,171; INFO; pypromice.io.ingest.l0; L0 data successfully loaded from TAS_L_2024_SlimTableMem.txt
2025-11-14 09:57:09,195; INFO; pypromice.io.ingest.l0; Detected L0 file type 'toa5' for ../aws-l0/raw/TAS_L/TAS_L_2024_raw.txt
2025-11-14 09:57:09,197; INFO; pypromice.io.ingest.l0; Detected L0 file type 'toa5' for ../aws-l0/raw/TAS_L/TAS_L_2024_raw.txt
2025-11-14 09:57:09,216; INFO; pypromice.io.ingest.l0; L0 data successfully loaded from TAS_L_2024_raw.txt
2025-11-14 09:57:09,697; INFO; pypromice.io.ingest.l0; Detected L0 file type 'toa5' for ../aws-l0/raw/TAS_L/TAS_L_2025_SlimTableMem.dat
2025-11-14 09:57:09,711; INFO; pypromice.io.ingest.l0; Detected L0 file type 'toa5' for ../aws-l0/raw/TAS_L/TAS_L_2025_SlimTableMem.dat
2025-11-14 09:57:09,763; INFO; pypromice.io.ingest.l0; L0 data successfully loaded from TAS_L_2025_SlimTableMem.dat
2025-11-14 09:57:09,879; INFO; pypromice.pipeline.aws; Level 1 processing...
2025-11-14 09:57:10,016; WARNING; pypromice.pipeline.L0toL1; bedrock attribute is not set
2025-11-14 09:57:10,225; WARNING; pypromice.pipeline.L0toL1; bedrock attribute is not set
2025-11-14 09:57:10,458; WARNING; pypromice.pipeline.L0toL1; bedrock attribute is not set
2025-11-14 09:57:10,663; WARNING; pypromice.pipeline.L0toL1; bedrock attribute is not set
2025-11-14 09:57:11,024; WARNING; pypromice.pipeline.L0toL1; bedrock attribute is not set
2025-11-14 09:57:11,231; WARNING; pypromice.pipeline.L0toL1; bedrock attribute is not set
2025-11-14 09:57:11,439; WARNING; pypromice.pipeline.L0toL1; bedrock attribute is not set
2025-11-14 09:57:11,666; WARNING; pypromice.pipeline.L0toL1; bedrock attribute is not set
2025-11-14 09:57:11,863; WARNING; pypromice.pipeline.L0toL1; bedrock attribute is not set
2025-11-14 09:57:12,308; WARNING; pypromice.pipeline.L0toL1; bedrock attribute is not set
2025-11-14 09:57:12,509; WARNING; pypromice.pipeline.L0toL1; bedrock attribute is not set
2025-11-14 09:57:12,674; WARNING; pypromice.pipeline.L0toL1; bedrock attribute is not set
2025-11-14 09:57:12,938; WARNING; pypromice.pipeline.L0toL1; bedrock attribute is not set
2025-11-14 09:57:13,143; WARNING; pypromice.pipeline.L0toL1; bedrock attribute is not set
2025-11-14 09:57:13,391; WARNING; pypromice.pipeline.L0toL1; bedrock attribute is not set
2025-11-14 09:57:13,553; WARNING; pypromice.pipeline.L0toL1; bedrock attribute is not set
2025-11-14 09:57:13,927; WARNING; pypromice.pipeline.L0toL1; bedrock attribute is not set
2025-11-14 09:57:14,163; WARNING; pypromice.pipeline.L0toL1; bedrock attribute is not set
2025-11-14 09:57:14,327; WARNING; pypromice.pipeline.L0toL1; bedrock attribute is not set
2025-11-14 09:57:14,511; WARNING; pypromice.pipeline.L0toL1; bedrock attribute is not set
2025-11-14 09:57:16,806; INFO; pypromice.pipeline.aws; Level 2 processing...
2025-11-14 09:57:16,825; INFO; pypromice.core.qc.github_data_issues; Using file: ../PROMICE-AWS-data-issues/adjustments/TAS_L.csv
2025-11-14 09:57:16,849; INFO; pypromice.core.qc.github_data_issues; Using file: ../PROMICE-AWS-data-issues/flags/TAS_L.csv
2025-11-14 09:57:17,066; INFO; pypromice.core.qc.github_data_issues; Using file: ../PROMICE-AWS-data-issues/adjustments/TAS_L.csv
2025-11-14 09:57:17,097; INFO; pypromice.core.qc.github_data_issues; could not adjust z_ice_surf not in dataset
2025-11-14 09:57:17,114; INFO; pypromice.core.qc.github_data_issues; could not adjust z_surf_2 not in dataset
2025-11-14 09:57:22,071; INFO; pypromice.io.write; Resampling to 10min
2025-11-14 09:57:22,772; INFO; pypromice.io.write; Writing to files...
2025-11-14 09:57:30,917; INFO; pypromice.io.write; Written to L2_test/raw/TAS_L/TAS_L_10min.csv
2025-11-14 09:57:30,917; INFO; pypromice.io.write; Written to L2_test/raw/TAS_L/TAS_L_10min.nc
2025-11-14 09:57:32,489; INFO; pypromice.io.write; Resampling to 60min
2025-11-14 09:57:32,653; INFO; pypromice.io.write; Writing to files...
2025-11-14 09:57:35,806; INFO; pypromice.io.write; Written to L2_test/raw/TAS_L/TAS_L_hour.csv
2025-11-14 09:57:35,806; INFO; pypromice.io.write; Written to L2_test/raw/TAS_L/TAS_L_hour.nc

 ======== test join_l2 ========= 

2025-11-14 09:57:35,939; INFO; pypromice.pipeline.join_l2; TAS_L array loaded from L2_test/raw/TAS_L/TAS_L_hour.nc
2025-11-14 09:57:35,968; INFO; pypromice.pipeline.join_l2; TAS_L array loaded from L2_test/tx/TAS_L/TAS_L_hour.nc
2025-11-14 09:57:35,968; INFO; pypromice.pipeline.join_l2; Combining L2_test/raw/TAS_L/TAS_L_hour.nc with L2_test/tx/TAS_L/TAS_L_hour.nc...
2025-11-14 09:57:36,172; INFO; pypromice.io.write; Writing to files...
2025-11-14 09:57:39,327; INFO; pypromice.io.write; Written to L2_test/level_2/TAS_L/TAS_L_hour.csv
2025-11-14 09:57:39,327; INFO; pypromice.io.write; Written to L2_test/level_2/TAS_L/TAS_L_hour.nc
2025-11-14 09:57:39,327; INFO; pypromice.pipeline.join_l2; Files saved to L2_test/level_2/TAS_L...

 ======== test l2tol3 ========= 

2025-11-14 09:57:39,376; WARNING; root; data_issues_path is missing. Using default data issues path: ../PROMICE-AWS-data-issues
2025-11-14 09:57:42,425; INFO; pypromice.pipeline.L2toL3; processing gps_lat with relocation on 2013-08-27T17:00:00, 2017-07-22T08:00:00
2025-11-14 09:57:42,437; INFO; pypromice.pipeline.L2toL3; processing gps_lon with relocation on 2013-08-27T17:00:00, 2017-07-22T08:00:00
2025-11-14 09:57:42,446; INFO; pypromice.pipeline.L2toL3; processing gps_alt with relocation on 2013-08-27T17:00:00, 2017-07-22T08:00:00
2025-11-14 09:57:42,478; INFO; pypromice.core.qc.github_data_issues; Using file: ../PROMICE-AWS-data-issues/adjustments/TAS_L.csv
2025-11-14 09:57:42,514; INFO; pypromice.pipeline.L2toL3; Combining surface height
2025-11-14 09:57:42,514; INFO; pypromice.pipeline.L2toL3; -> ablation site
/home/bav/pypromice/src/pypromice/pipeline/L2toL3.py:636: RuntimeWarning: Mean of empty slice
  if ~np.isnan(np.nanmean(hs2.iloc[(ind_end[i]-24*7):(ind_end[i]+24*30)])):
2025-11-14 09:57:43,407; INFO; pypromice.pipeline.L2toL3; surface height combination finished
2025-11-14 09:57:43,492; INFO; pypromice.pipeline.L2toL3; Calculating thermistor depth
2025-11-14 09:57:43,630; INFO; pypromice.pipeline.L2toL3; interpolating 10 m firn/ice temperature (on hourly values)
2025-11-14 09:57:51,867; INFO; pypromice.io.write; Resampling to 60min
2025-11-14 09:57:52,043; INFO; pypromice.io.write; Writing to files...
2025-11-14 09:57:55,722; INFO; pypromice.io.write; Written to L3_test/stations/TAS_L/TAS_L_hour.csv
2025-11-14 09:57:55,722; INFO; pypromice.io.write; Written to L3_test/stations/TAS_L/TAS_L_hour.nc
2025-11-14 09:57:55,959; INFO; pypromice.io.write; Resampling to 1D
2025-11-14 09:57:56,039; INFO; pypromice.io.write; Writing to files...
2025-11-14 09:57:56,238; INFO; pypromice.io.write; Written to L3_test/stations/TAS_L/TAS_L_day.csv
2025-11-14 09:57:56,238; INFO; pypromice.io.write; Written to L3_test/stations/TAS_L/TAS_L_day.nc
2025-11-14 09:57:56,428; INFO; pypromice.io.write; Resampling to MS
2025-11-14 09:57:56,501; INFO; pypromice.io.write; Writing to files...
2025-11-14 09:57:56,559; INFO; pypromice.io.write; Written to L3_test/stations/TAS_L/TAS_L_month.csv
2025-11-14 09:57:56,559; INFO; pypromice.io.write; Written to L3_test/stations/TAS_L/TAS_L_month.nc
