CEN2

 ======== test get_l2 ========= 

2025-11-14 09:46:20,391; INFO; pypromice.io.ingest.l0; Detected L0 file type 'csv_default' for ../aws-l0/tx/CEN2_300534062418810_1.txt
2025-11-14 09:46:20,419; INFO; pypromice.io.ingest.l0; Detected L0 file type 'csv_default' for ../aws-l0/tx/CEN2_300534062418810_1.txt
2025-11-14 09:46:20,496; INFO; pypromice.io.ingest.l0; L0 data successfully loaded from CEN2_300534062418810_1.txt
2025-11-14 09:46:20,496; INFO; pypromice.io.ingest.l0; Detected L0 file type 'csv_default' for ../aws-l0/tx/CEN2_300534063816570_2.txt
2025-11-14 09:46:20,537; INFO; pypromice.io.ingest.l0; L0 data successfully loaded from CEN2_300534063816570_2.txt
2025-11-14 09:46:20,548; INFO; pypromice.pipeline.aws; Level 1 processing...
2025-11-14 09:46:20,839; WARNING; pypromice.pipeline.L0toL1; bedrock attribute is not set
2025-11-14 09:46:21,172; WARNING; pypromice.pipeline.L0toL1; bedrock attribute is not set
2025-11-14 09:46:21,384; INFO; pypromice.pipeline.aws; Level 2 processing...
2025-11-14 09:46:21,386; INFO; pypromice.core.qc.github_data_issues; Using file: ../PROMICE-AWS-data-issues/adjustments/CEN2.csv
2025-11-14 09:46:21,397; INFO; pypromice.core.qc.github_data_issues; Using file: ../PROMICE-AWS-data-issues/flags/CEN2.csv
2025-11-14 09:46:21,489; INFO; pypromice.core.qc.github_data_issues; Using file: ../PROMICE-AWS-data-issues/adjustments/CEN2.csv
2025-11-14 09:46:21,532; INFO; pypromice.core.qc.github_data_issues; ---> 2022-10-14 18:00:00 2023-01-01 18:00:00 z_boom_cor_l min_filter 1.8
2025-11-14 09:46:21,532; INFO; pypromice.core.qc.github_data_issues; Time range does not intersect with dataset
2025-11-14 09:46:21,537; INFO; pypromice.core.qc.github_data_issues; could not adjust z_surf_1 not in dataset
2025-11-14 09:46:21,537; INFO; pypromice.core.qc.github_data_issues; could not adjust z_surf_2 not in dataset
2025-11-14 09:46:22,217; INFO; pypromice.io.write; Resampling to 60min
2025-11-14 09:46:22,296; INFO; pypromice.io.write; Writing to files...
2025-11-14 09:46:23,036; INFO; pypromice.io.write; Written to L2_test/tx/CEN2/CEN2_hour.csv
2025-11-14 09:46:23,036; INFO; pypromice.io.write; Written to L2_test/tx/CEN2/CEN2_hour.nc
2025-11-14 09:46:24,192; INFO; pypromice.io.ingest.l0; Detected L0 file type 'toa5' for ../aws-l0/raw/CEN2/CEN2_2022_raw.txt
2025-11-14 09:46:24,241; INFO; pypromice.io.ingest.l0; Detected L0 file type 'toa5' for ../aws-l0/raw/CEN2/CEN2_2022_raw.txt
2025-11-14 09:46:24,344; INFO; pypromice.io.ingest.l0; L0 data successfully loaded from CEN2_2022_raw.txt
2025-11-14 09:46:24,347; INFO; pypromice.io.ingest.l0; Detected L0 file type 'csv_default' for ../aws-l0/raw/CEN2/CEN2_2022_raw_transmitted.txt
2025-11-14 09:46:24,355; INFO; pypromice.io.ingest.l0; Detected L0 file type 'csv_default' for ../aws-l0/raw/CEN2/CEN2_2022_raw_transmitted.txt
2025-11-14 09:46:24,385; INFO; pypromice.io.ingest.l0; L0 data successfully loaded from CEN2_2022_raw_transmitted.txt
2025-11-14 09:46:24,728; INFO; pypromice.io.ingest.l0; Detected L0 file type 'toa5' for ../aws-l0/raw/CEN2/CEN2_2024_DataTable60min.dat
2025-11-14 09:46:24,737; INFO; pypromice.io.ingest.l0; Detected L0 file type 'toa5' for ../aws-l0/raw/CEN2/CEN2_2024_DataTable60min.dat
2025-11-14 09:46:24,775; INFO; pypromice.io.ingest.l0; L0 data successfully loaded from CEN2_2024_DataTable60min.dat
2025-11-14 09:46:25,858; INFO; pypromice.io.ingest.l0; Detected L0 file type 'toa5' for ../aws-l0/raw/CEN2/CEN2_2024_DataTable10min.dat
2025-11-14 09:46:25,898; INFO; pypromice.io.ingest.l0; Detected L0 file type 'toa5' for ../aws-l0/raw/CEN2/CEN2_2024_DataTable10min.dat
2025-11-14 09:46:25,989; INFO; pypromice.io.ingest.l0; L0 data successfully loaded from CEN2_2024_DataTable10min.dat
2025-11-14 09:46:27,109; INFO; pypromice.io.ingest.l0; Detected L0 file type 'toa5' for ../aws-l0/raw/CEN2/CEN2_2025_DataTable10min.dat
2025-11-14 09:46:27,163; INFO; pypromice.io.ingest.l0; Detected L0 file type 'toa5' for ../aws-l0/raw/CEN2/CEN2_2025_DataTable10min.dat
2025-11-14 09:46:27,267; INFO; pypromice.io.ingest.l0; L0 data successfully loaded from CEN2_2025_DataTable10min.dat
2025-11-14 09:46:27,286; INFO; pypromice.pipeline.aws; Level 1 processing...
2025-11-14 09:46:27,371; WARNING; pypromice.pipeline.L0toL1; bedrock attribute is not set
2025-11-14 09:46:27,551; WARNING; pypromice.pipeline.L0toL1; bedrock attribute is not set
2025-11-14 09:46:27,722; INFO; pypromice.core.variables.gps; Found 'L' in GPS string; applying decode + scaling.
2025-11-14 09:46:27,754; WARNING; pypromice.pipeline.L0toL1; bedrock attribute is not set
2025-11-14 09:46:27,965; WARNING; pypromice.pipeline.L0toL1; bedrock attribute is not set
2025-11-14 09:46:28,159; WARNING; pypromice.pipeline.L0toL1; bedrock attribute is not set
2025-11-14 09:46:28,492; INFO; pypromice.pipeline.aws; Level 2 processing...
2025-11-14 09:46:28,496; INFO; pypromice.core.qc.github_data_issues; Using file: ../PROMICE-AWS-data-issues/adjustments/CEN2.csv
2025-11-14 09:46:28,501; INFO; pypromice.core.qc.github_data_issues; Using file: ../PROMICE-AWS-data-issues/flags/CEN2.csv
2025-11-14 09:46:28,565; INFO; pypromice.core.qc.github_data_issues; Using file: ../PROMICE-AWS-data-issues/adjustments/CEN2.csv
2025-11-14 09:46:28,581; INFO; pypromice.core.qc.github_data_issues; ---> 2024-05-22 00:00:00 2024-09-16 00:00:00 p_u min_filter 780.0
2025-11-14 09:46:28,581; INFO; pypromice.core.qc.github_data_issues; Time range does not intersect with dataset
2025-11-14 09:46:28,600; INFO; pypromice.core.qc.github_data_issues; could not adjust z_surf_1 not in dataset
2025-11-14 09:46:28,600; INFO; pypromice.core.qc.github_data_issues; could not adjust z_surf_2 not in dataset
2025-11-14 09:46:30,680; INFO; pypromice.io.write; Resampling to 10min
2025-11-14 09:46:30,887; INFO; pypromice.io.write; Writing to files...
2025-11-14 09:46:33,058; INFO; pypromice.io.write; Written to L2_test/raw/CEN2/CEN2_10min.csv
2025-11-14 09:46:33,058; INFO; pypromice.io.write; Written to L2_test/raw/CEN2/CEN2_10min.nc
2025-11-14 09:46:33,529; INFO; pypromice.io.write; Resampling to 60min
2025-11-14 09:46:33,624; INFO; pypromice.io.write; Writing to files...
2025-11-14 09:46:34,314; INFO; pypromice.io.write; Written to L2_test/raw/CEN2/CEN2_hour.csv
2025-11-14 09:46:34,315; INFO; pypromice.io.write; Written to L2_test/raw/CEN2/CEN2_hour.nc

 ======== test join_l2 ========= 

2025-11-14 09:46:34,515; INFO; pypromice.pipeline.join_l2; CEN2 array loaded from L2_test/raw/CEN2/CEN2_hour.nc
2025-11-14 09:46:34,545; INFO; pypromice.pipeline.join_l2; CEN2 array loaded from L2_test/tx/CEN2/CEN2_hour.nc
2025-11-14 09:46:34,545; INFO; pypromice.pipeline.join_l2; Combining L2_test/raw/CEN2/CEN2_hour.nc with L2_test/tx/CEN2/CEN2_hour.nc...
2025-11-14 09:46:34,679; INFO; pypromice.io.write; Writing to files...
2025-11-14 09:46:35,851; INFO; pypromice.io.write; Written to L2_test/level_2/CEN2/CEN2_hour.csv
2025-11-14 09:46:35,851; INFO; pypromice.io.write; Written to L2_test/level_2/CEN2/CEN2_hour.nc
2025-11-14 09:46:35,851; INFO; pypromice.pipeline.join_l2; Files saved to L2_test/level_2/CEN2...

 ======== test l2tol3 ========= 

2025-11-14 09:46:35,894; WARNING; root; data_issues_path is missing. Using default data issues path: ../PROMICE-AWS-data-issues
2025-11-14 09:46:39,424; INFO; pypromice.pipeline.L2toL3; processing gps_lat without relocation
2025-11-14 09:46:39,428; INFO; pypromice.pipeline.L2toL3; processing gps_lon without relocation
2025-11-14 09:46:39,432; INFO; pypromice.pipeline.L2toL3; processing gps_alt without relocation
2025-11-14 09:46:39,455; INFO; pypromice.core.qc.github_data_issues; Using file: ../PROMICE-AWS-data-issues/adjustments/CEN2.csv
2025-11-14 09:46:39,479; INFO; pypromice.pipeline.L2toL3; Combining surface height
2025-11-14 09:46:39,479; INFO; pypromice.pipeline.L2toL3; -> did not find z_ice_surf
2025-11-14 09:46:39,479; INFO; pypromice.pipeline.L2toL3; -> no z_pt or accumulation site: averaging z_surf_1 and z_surf_2
2025-11-14 09:46:39,537; INFO; pypromice.pipeline.L2toL3; Calculating thermistor depth
2025-11-14 09:46:39,592; INFO; pypromice.pipeline.L2toL3; interpolating 10 m firn/ice temperature (on hourly values)
2025-11-14 09:46:42,193; INFO; pypromice.io.write; Resampling to 60min
2025-11-14 09:46:42,321; INFO; pypromice.io.write; Writing to files...
2025-11-14 09:46:43,536; INFO; pypromice.io.write; Written to L3_test/stations/CEN2/CEN2_hour.csv
2025-11-14 09:46:43,536; INFO; pypromice.io.write; Written to L3_test/stations/CEN2/CEN2_hour.nc
2025-11-14 09:46:43,649; INFO; pypromice.io.write; Resampling to 1D
2025-11-14 09:46:43,754; INFO; pypromice.io.write; Writing to files...
2025-11-14 09:46:43,898; INFO; pypromice.io.write; Written to L3_test/stations/CEN2/CEN2_day.csv
2025-11-14 09:46:43,898; INFO; pypromice.io.write; Written to L3_test/stations/CEN2/CEN2_day.nc
2025-11-14 09:46:44,005; INFO; pypromice.io.write; Resampling to MS
2025-11-14 09:46:44,107; INFO; pypromice.io.write; Writing to files...
2025-11-14 09:46:44,199; INFO; pypromice.io.write; Written to L3_test/stations/CEN2/CEN2_month.csv
2025-11-14 09:46:44,200; INFO; pypromice.io.write; Written to L3_test/stations/CEN2/CEN2_month.nc
